number,value,datetime_start,datetime_complete,duration,params_d_bilateral,params_sigma_bilateral,state
0,0.02913317572668444,2026-05-09 00:02:08.072225,2026-05-09 00:03:09.520452,0 days 00:01:01.448227,13,143,COMPLETE
1,0.029374827013087444,2026-05-09 00:03:09.520647,2026-05-09 00:04:04.408826,0 days 00:00:54.888179,24,90,COMPLETE
2,0.022311778823297178,2026-05-09 00:04:04.409034,2026-05-09 00:04:50.324797,0 days 00:00:45.915763,7,23,COMPLETE
3,0.02083144971566581,2026-05-09 00:04:50.325002,2026-05-09 00:05:33.354723,0 days 00:00:43.029721,4,130,COMPLETE
4,0.03161497316082137,2026-05-09 00:05:33.354923,2026-05-09 00:06:26.106157,0 days 00:00:52.751234,20,106,COMPLETE
5,0.01838377048981502,2026-05-09 00:06:26.106353,2026-05-09 00:07:36.618220,0 days 00:01:10.511867,3,146,COMPLETE
6,0.02135438178130787,2026-05-09 00:07:36.618420,2026-05-09 00:08:26.061243,0 days 00:00:49.442823,27,32,COMPLETE
7,0.02316971166979502,2026-05-09 00:08:26.061441,2026-05-09 00:09:04.611164,0 days 00:00:38.549723,8,27,COMPLETE
8,0.02625783892983299,2026-05-09 00:09:04.611363,2026-05-09 00:09:53.340553,0 days 00:00:48.729190,11,79,COMPLETE
9,0.02459173154697719,2026-05-09 00:09:53.340751,2026-05-09 00:10:31.769789,0 days 00:00:38.429038,15,43,COMPLETE
10,0.03168249258070356,2026-05-09 00:10:31.769999,2026-05-09 00:11:15.378256,0 days 00:00:43.608257,21,108,COMPLETE
11,0.03168249258070356,2026-05-09 00:11:15.378451,2026-05-09 00:11:58.485563,0 days 00:00:43.107112,20,108,COMPLETE
12,0.03189366228525854,2026-05-09 00:11:58.485763,2026-05-09 00:12:40.092155,0 days 00:00:41.606392,20,110,COMPLETE
13,0.020972611482642664,2026-05-09 00:12:40.092352,2026-05-09 00:13:28.261721,0 days 00:00:48.169369,30,58,COMPLETE
14,0.016933376826490012,2026-05-09 00:13:28.261918,2026-05-09 00:14:16.061713,0 days 00:00:47.799795,19,1,COMPLETE
15,0.032715429650064354,2026-05-09 00:14:16.061911,2026-05-09 00:15:11.719602,0 days 00:00:55.657691,23,117,COMPLETE
16,0.0330635681820672,2026-05-09 00:15:11.719798,2026-05-09 00:16:32.753126,0 days 00:01:21.033328,25,124,COMPLETE
17,0.03330291052479633,2026-05-09 00:16:32.753319,2026-05-09 00:17:21.395884,0 days 00:00:48.642565,25,130,COMPLETE
18,0.03147906978923028,2026-05-09 00:17:21.396086,2026-05-09 00:18:14.258028,0 days 00:00:52.861942,31,127,COMPLETE
19,0.028111824166374342,2026-05-09 00:18:14.258235,2026-05-09 00:19:01.785095,0 days 00:00:47.526860,26,86,COMPLETE
20,0.03356127228406745,2026-05-09 00:19:01.785309,2026-05-09 00:19:54.137222,0 days 00:00:52.351913,28,150,COMPLETE
21,0.03275149534427882,2026-05-09 00:19:54.137422,2026-05-09 00:20:50.852398,0 days 00:00:56.714976,29,134,COMPLETE
22,0.03398672860228897,2026-05-09 00:20:50.852596,2026-05-09 00:21:40.586390,0 days 00:00:49.733794,27,149,COMPLETE
23,0.03356127228406745,2026-05-09 00:21:40.586586,2026-05-09 00:22:37.890354,0 days 00:00:57.303768,28,150,COMPLETE
24,0.03356127228406745,2026-05-09 00:22:37.890547,2026-05-09 00:23:28.242315,0 days 00:00:50.351768,29,150,COMPLETE
25,0.03304825588620266,2026-05-09 00:23:28.242512,2026-05-09 00:24:17.439199,0 days 00:00:49.196687,28,139,COMPLETE
26,0.0340238266875819,2026-05-09 00:24:17.439398,2026-05-09 00:25:04.258411,0 days 00:00:46.819013,23,150,COMPLETE
27,0.0308110478589377,2026-05-09 00:25:04.258615,2026-05-09 00:25:47.018443,0 days 00:00:42.759828,23,96,COMPLETE
28,0.03242038556943231,2026-05-09 00:25:47.018640,2026-05-09 00:26:28.400166,0 days 00:00:41.381526,18,119,COMPLETE
29,0.026948471801097204,2026-05-09 00:26:28.400362,2026-05-09 00:27:10.912278,0 days 00:00:42.511916,16,66,COMPLETE
30,0.03379867845977362,2026-05-09 00:27:10.912476,2026-05-09 00:27:54.096986,0 days 00:00:43.184510,22,141,COMPLETE
31,0.0338680540564944,2026-05-09 00:27:54.097183,2026-05-09 00:28:35.153939,0 days 00:00:41.056756,22,143,COMPLETE
32,0.033750295765990646,2026-05-09 00:28:35.154142,2026-05-09 00:29:18.636031,0 days 00:00:43.481889,22,138,COMPLETE
33,0.03387349954507647,2026-05-09 00:29:18.636226,2026-05-09 00:30:07.583353,0 days 00:00:48.947127,24,143,COMPLETE
34,0.0337171740211087,2026-05-09 00:30:07.583548,2026-05-09 00:31:03.086025,0 days 00:00:55.502477,25,138,COMPLETE
35,0.03233633216473687,2026-05-09 00:31:03.086220,2026-05-09 00:31:51.798527,0 days 00:00:48.712307,24,119,COMPLETE
36,0.027708936211323528,2026-05-09 00:31:51.798724,2026-05-09 00:32:39.425402,0 days 00:00:47.626678,17,96,COMPLETE
37,0.032958333788816734,2026-05-09 00:32:39.425599,2026-05-09 00:33:32.815773,0 days 00:00:53.390174,26,131,COMPLETE
38,0.033878509565734787,2026-05-09 00:33:32.815968,2026-05-09 00:34:18.770723,0 days 00:00:45.954755,23,144,COMPLETE
39,0.028774361412979593,2026-05-09 00:34:18.770921,2026-05-09 00:35:04.329080,0 days 00:00:45.558159,12,123,COMPLETE
40,0.03279908937524739,2026-05-09 00:35:04.329284,2026-05-09 00:35:56.910752,0 days 00:00:52.581468,31,143,COMPLETE
41,0.03379867845977362,2026-05-09 00:35:56.910951,2026-05-09 00:36:55.853064,0 days 00:00:58.942113,23,141,COMPLETE
42,0.033260308425879466,2026-05-09 00:36:55.853260,2026-05-09 00:37:38.784449,0 days 00:00:42.931189,26,135,COMPLETE
43,0.033813549559889626,2026-05-09 00:37:38.784645,2026-05-09 00:38:21.527247,0 days 00:00:42.742602,21,147,COMPLETE
44,0.031043823271745728,2026-05-09 00:38:21.527448,2026-05-09 00:38:59.784406,0 days 00:00:38.256958,14,131,COMPLETE
45,0.03391931010570959,2026-05-09 00:38:59.784614,2026-05-09 00:39:42.232451,0 days 00:00:42.447837,24,144,COMPLETE
46,0.0322837091081814,2026-05-09 00:39:42.232695,2026-05-09 00:40:27.915090,0 days 00:00:45.682395,24,114,COMPLETE
47,0.030530851067596097,2026-05-09 00:40:27.915285,2026-05-09 00:41:12.158143,0 days 00:00:44.242858,27,102,COMPLETE
48,0.022107092180557193,2026-05-09 00:41:12.158340,2026-05-09 00:42:39.203392,0 days 00:01:27.045052,6,14,COMPLETE
49,0.03285171381519647,2026-05-09 00:42:39.203588,2026-05-09 00:43:19.312818,0 days 00:00:40.109230,19,126,COMPLETE
50,0.024235403046281762,2026-05-09 00:43:19.313024,2026-05-09 00:44:01.756084,0 days 00:00:42.443060,20,48,COMPLETE
51,0.033878509565734787,2026-05-09 00:44:01.756284,2026-05-09 00:44:45.990808,0 days 00:00:44.234524,22,144,COMPLETE
52,0.03391931010570959,2026-05-09 00:44:45.991007,2026-05-09 00:45:52.186892,0 days 00:01:06.195885,24,144,COMPLETE
53,0.03341683940900873,2026-05-09 00:45:52.187094,2026-05-09 00:46:57.155978,0 days 00:01:04.968884,21,135,COMPLETE
54,0.03396725743904204,2026-05-09 00:46:57.156211,2026-05-09 00:47:48.780816,0 days 00:00:51.624605,25,146,COMPLETE
55,0.03399836539389584,2026-05-09 00:47:48.781018,2026-05-09 00:48:38.029534,0 days 00:00:49.248516,27,150,COMPLETE
56,0.03398672860228897,2026-05-09 00:48:38.029733,2026-05-09 00:49:25.501417,0 days 00:00:47.471684,27,149,COMPLETE
57,0.03319646570136696,2026-05-09 00:49:25.501619,2026-05-09 00:50:19.268252,0 days 00:00:53.766633,27,134,COMPLETE
58,0.03356127228406745,2026-05-09 00:50:19.268448,2026-05-09 00:51:14.121803,0 days 00:00:54.853355,29,150,COMPLETE
59,0.03134166378508226,2026-05-09 00:51:14.122004,2026-05-09 00:52:27.211802,0 days 00:01:13.089798,30,125,COMPLETE
60,0.033955732089354894,2026-05-09 00:52:27.212002,2026-05-09 00:53:40.442506,0 days 00:01:13.230504,27,148,COMPLETE
61,0.03398672860228897,2026-05-09 00:53:40.442702,2026-05-09 00:55:18.864861,0 days 00:01:38.422159,26,149,COMPLETE
62,0.03399836539389584,2026-05-09 00:55:18.865180,2026-05-09 00:56:29.103655,0 days 00:01:10.238475,26,150,COMPLETE
63,0.030613631821453307,2026-05-09 00:56:29.103851,2026-05-09 00:57:17.958957,0 days 00:00:48.855106,28,150,COMPLETE
64,0.03348087110393086,2026-05-09 00:57:17.959163,2026-05-09 00:58:10.339581,0 days 00:00:52.380418,26,138,COMPLETE
65,0.023248710093456738,2026-05-09 00:58:10.339781,2026-05-09 00:59:14.913288,0 days 00:01:04.573507,30,75,COMPLETE
66,0.03330291052479633,2026-05-09 00:59:14.913485,2026-05-09 01:00:06.195176,0 days 00:00:51.281691,25,130,COMPLETE
67,0.033260308425879466,2026-05-09 01:00:06.195372,2026-05-09 01:01:05.862474,0 days 00:00:59.667102,27,135,COMPLETE
68,0.03341566489189769,2026-05-09 01:01:05.862672,2026-05-09 01:02:08.751081,0 days 00:01:02.888409,29,147,COMPLETE
69,0.033657741604485404,2026-05-09 01:02:08.751278,2026-05-09 01:02:58.124301,0 days 00:00:49.373023,25,137,COMPLETE
70,0.032236607990183616,2026-05-09 01:02:58.124497,2026-05-09 01:03:57.209926,0 days 00:00:59.085429,28,129,COMPLETE
71,0.03399836539389584,2026-05-09 01:03:57.210128,2026-05-09 01:04:49.433242,0 days 00:00:52.223114,27,150,COMPLETE
72,0.033559015940419705,2026-05-09 01:04:49.433443,2026-05-09 01:05:42.590293,0 days 00:00:53.156850,26,140,COMPLETE
73,0.034040005007509914,2026-05-09 01:05:42.590490,2026-05-09 01:06:33.618458,0 days 00:00:51.027968,25,150,COMPLETE
74,0.03399836539389584,2026-05-09 01:06:33.618655,2026-05-09 01:07:24.431517,0 days 00:00:50.812862,27,150,COMPLETE
75,0.032647286690894055,2026-05-09 01:07:24.431713,2026-05-09 01:08:16.867286,0 days 00:00:52.435573,31,140,COMPLETE
76,0.03399836539389584,2026-05-09 01:08:16.867504,2026-05-09 01:09:21.039890,0 days 00:01:04.172386,27,150,COMPLETE
77,0.03179258040498755,2026-05-09 01:09:21.040089,2026-05-09 01:10:13.835629,0 days 00:00:52.795540,29,122,COMPLETE
78,0.033173262755121426,2026-05-09 01:10:13.835824,2026-05-09 01:11:08.768393,0 days 00:00:54.932569,28,141,COMPLETE
79,0.03190607912730725,2026-05-09 01:11:08.768588,2026-05-09 01:13:03.982745,0 days 00:01:55.214157,30,132,COMPLETE
80,0.03396725743904204,2026-05-09 01:13:03.982942,2026-05-09 01:13:53.030248,0 days 00:00:49.047306,25,146,COMPLETE
81,0.03399836539389584,2026-05-09 01:13:53.030443,2026-05-09 01:14:43.739625,0 days 00:00:50.709182,27,150,COMPLETE
82,0.03399836539389584,2026-05-09 01:14:43.739827,2026-05-09 01:15:33.108143,0 days 00:00:49.368316,26,150,COMPLETE
83,0.033832865799174064,2026-05-09 01:15:33.108339,2026-05-09 01:16:24.178543,0 days 00:00:51.070204,26,145,COMPLETE
84,0.03304825588620266,2026-05-09 01:16:24.178741,2026-05-09 01:17:16.298120,0 days 00:00:52.119379,28,139,COMPLETE
85,0.03399836539389584,2026-05-09 01:17:16.298319,2026-05-09 01:18:06.849872,0 days 00:00:50.551553,27,150,COMPLETE
86,0.033199032908437516,2026-05-09 01:18:06.850078,2026-05-09 01:18:59.232795,0 days 00:00:52.382717,29,142,COMPLETE
87,0.03392075287015587,2026-05-09 01:18:59.233005,2026-05-09 01:19:47.072824,0 days 00:00:47.839819,23,145,COMPLETE
88,0.026952261469336835,2026-05-09 01:19:47.073028,2026-05-09 01:20:31.459107,0 days 00:00:44.386079,10,138,COMPLETE
89,0.03390087206388082,2026-05-09 01:20:31.459304,2026-05-09 01:21:25.944163,0 days 00:00:54.484859,26,146,COMPLETE
90,0.033655519356208446,2026-05-09 01:21:25.944361,2026-05-09 01:22:18.485657,0 days 00:00:52.541296,23,134,COMPLETE
91,0.03399836539389584,2026-05-09 01:22:18.485855,2026-05-09 01:23:16.589679,0 days 00:00:58.103824,27,150,COMPLETE
92,0.033851168128648565,2026-05-09 01:23:16.589877,2026-05-09 01:24:07.539627,0 days 00:00:50.949750,25,142,COMPLETE
93,0.03356127228406745,2026-05-09 01:24:07.539823,2026-05-09 01:25:08.781562,0 days 00:01:01.241739,28,150,COMPLETE
94,0.03390087206388082,2026-05-09 01:25:08.781760,2026-05-09 01:26:02.028756,0 days 00:00:53.246996,26,146,COMPLETE
95,0.03372806306772733,2026-05-09 01:26:02.028956,2026-05-09 01:26:55.720876,0 days 00:00:53.691920,27,143,COMPLETE
96,0.03398760870579892,2026-05-09 01:26:55.721079,2026-05-09 01:27:48.106491,0 days 00:00:52.385412,24,147,COMPLETE
97,0.020914125933163618,2026-05-09 01:27:48.106793,2026-05-09 01:28:44.369480,0 days 00:00:56.262687,29,38,COMPLETE
98,0.027446569902777287,2026-05-09 01:28:44.369678,2026-05-09 01:29:37.455102,0 days 00:00:53.085424,27,83,COMPLETE
99,0.033657741604485404,2026-05-09 01:29:37.455299,2026-05-09 01:30:34.992833,0 days 00:00:57.537534,24,137,COMPLETE
