number,value,datetime_start,datetime_complete,duration,params_d_bilateral,params_sigma_bilateral,state
0,0.03651869216846418,2026-04-21 07:59:31.041956,2026-04-21 07:59:47.031640,0 days 00:00:15.989684,13,143,COMPLETE
1,0.03647263389919521,2026-04-21 07:59:47.032844,2026-04-21 08:00:03.909616,0 days 00:00:16.876772,24,90,COMPLETE
2,0.03313162346865303,2026-04-21 08:00:03.911833,2026-04-21 08:00:18.717839,0 days 00:00:14.806006,7,23,COMPLETE
3,0.03258099264494617,2026-04-21 08:00:18.720272,2026-04-21 08:00:33.766207,0 days 00:00:15.045935,4,130,COMPLETE
4,0.03698687462612132,2026-04-21 08:00:33.767681,2026-04-21 08:00:50.793143,0 days 00:00:17.025462,20,106,COMPLETE
5,0.031143894182322465,2026-04-21 08:00:50.795584,2026-04-21 08:01:05.455299,0 days 00:00:14.659715,3,146,COMPLETE
6,0.03228394245399397,2026-04-21 08:01:05.457271,2026-04-21 08:01:23.345206,0 days 00:00:17.887935,27,32,COMPLETE
7,0.03362198444564281,2026-04-21 08:01:23.346807,2026-04-21 08:01:40.061440,0 days 00:00:16.714633,8,27,COMPLETE
8,0.03515612016283465,2026-04-21 08:01:40.063417,2026-04-21 08:01:56.979490,0 days 00:00:16.916073,11,79,COMPLETE
9,0.03398034587309967,2026-04-21 08:01:56.981240,2026-04-21 08:02:13.960043,0 days 00:00:16.978803,15,43,COMPLETE
10,0.037095228639224216,2026-04-21 08:02:13.963182,2026-04-21 08:02:31.634451,0 days 00:00:17.671269,21,108,COMPLETE
11,0.037095228639224216,2026-04-21 08:02:31.637204,2026-04-21 08:02:49.650441,0 days 00:00:18.013237,20,108,COMPLETE
12,0.037278429499966084,2026-04-21 08:02:49.652189,2026-04-21 08:03:07.025429,0 days 00:00:17.373240,20,110,COMPLETE
13,0.03318836508705255,2026-04-21 08:03:07.027134,2026-04-21 08:03:24.693851,0 days 00:00:17.666717,30,58,COMPLETE
14,0.03072344822671771,2026-04-21 08:03:24.695362,2026-04-21 08:03:40.870969,0 days 00:00:16.175607,19,1,COMPLETE
15,0.038113157136071704,2026-04-21 08:03:40.872442,2026-04-21 08:03:57.725621,0 days 00:00:16.853179,23,117,COMPLETE
16,0.03902384928399903,2026-04-21 08:03:57.727172,2026-04-21 08:04:15.943853,0 days 00:00:18.216681,25,124,COMPLETE
17,0.0393635307030223,2026-04-21 08:04:15.945305,2026-04-21 08:04:33.825725,0 days 00:00:17.880420,25,130,COMPLETE
18,0.037676895081498414,2026-04-21 08:04:33.827501,2026-04-21 08:04:52.503015,0 days 00:00:18.675514,31,127,COMPLETE
19,0.0357858447073424,2026-04-21 08:04:52.504664,2026-04-21 08:05:11.429254,0 days 00:00:18.924590,26,86,COMPLETE
20,0.03951737531786688,2026-04-21 08:05:11.431139,2026-04-21 08:05:29.864495,0 days 00:00:18.433356,28,150,COMPLETE
21,0.03914445327429736,2026-04-21 08:05:29.866171,2026-04-21 08:05:48.641770,0 days 00:00:18.775599,29,134,COMPLETE
22,0.03951737531786688,2026-04-21 08:05:48.645469,2026-04-21 08:06:08.531058,0 days 00:00:19.885589,28,150,COMPLETE
23,0.03951737531786688,2026-04-21 08:06:08.532603,2026-04-21 08:06:26.819798,0 days 00:00:18.287195,28,150,COMPLETE
24,0.03955534230478461,2026-04-21 08:06:26.821385,2026-04-21 08:06:45.265390,0 days 00:00:18.444005,29,149,COMPLETE
25,0.03865087518746656,2026-04-21 08:06:45.267915,2026-04-21 08:07:02.682942,0 days 00:00:17.415027,31,143,COMPLETE
26,0.036285814608233304,2026-04-21 08:07:02.684034,2026-04-21 08:07:20.976421,0 days 00:00:18.292387,28,97,COMPLETE
27,0.03426764532961366,2026-04-21 08:07:20.978450,2026-04-21 08:07:38.189493,0 days 00:00:17.211043,23,69,COMPLETE
28,0.03916082411320256,2026-04-21 08:07:38.192442,2026-04-21 08:07:56.750876,0 days 00:00:18.558434,29,137,COMPLETE
29,0.03893171104539776,2026-04-21 08:07:56.752219,2026-04-21 08:08:12.436506,0 days 00:00:15.684287,17,150,COMPLETE
30,0.038113157136071704,2026-04-21 08:08:12.437670,2026-04-21 08:08:29.322801,0 days 00:00:16.885131,22,117,COMPLETE
31,0.039809579059052864,2026-04-21 08:08:29.324216,2026-04-21 08:08:46.140979,0 days 00:00:16.816763,27,150,COMPLETE
32,0.03946577474922357,2026-04-21 08:08:46.142396,2026-04-21 08:09:02.916220,0 days 00:00:16.773824,26,140,COMPLETE
33,0.03954401530893806,2026-04-21 08:09:02.917607,2026-04-21 08:09:19.958655,0 days 00:00:17.041048,27,144,COMPLETE
34,0.03965586874358012,2026-04-21 08:09:19.961232,2026-04-21 08:09:36.740590,0 days 00:00:16.779358,24,138,COMPLETE
35,0.038686015997845366,2026-04-21 08:09:36.742267,2026-04-21 08:09:53.182128,0 days 00:00:16.439861,24,120,COMPLETE
36,0.039447011395659586,2026-04-21 08:09:53.184398,2026-04-21 08:10:09.922963,0 days 00:00:16.738565,26,138,COMPLETE
37,0.03591956600989291,2026-04-21 08:10:09.924326,2026-04-21 08:10:27.416560,0 days 00:00:17.492234,31,96,COMPLETE
38,0.038767382114907656,2026-04-21 08:10:27.419320,2026-04-21 08:10:43.266979,0 days 00:00:15.847659,18,131,COMPLETE
39,0.03970918193925561,2026-04-21 08:10:43.268595,2026-04-21 08:10:59.933149,0 days 00:00:16.664554,24,141,COMPLETE
40,0.03654280960539006,2026-04-21 08:10:59.935957,2026-04-21 08:11:15.100008,0 days 00:00:15.164051,12,138,COMPLETE
41,0.039115116342238146,2026-04-21 08:11:15.101412,2026-04-21 08:11:32.017278,0 days 00:00:16.915866,22,141,COMPLETE
42,0.03910636542817594,2026-04-21 08:11:32.019102,2026-04-21 08:11:49.145173,0 days 00:00:17.126071,24,125,COMPLETE
43,0.039504568215941296,2026-04-21 08:11:49.146702,2026-04-21 08:12:05.875298,0 days 00:00:16.728596,26,142,COMPLETE
44,0.03765714411336083,2026-04-21 08:12:05.877046,2026-04-21 08:12:21.508224,0 days 00:00:15.631178,15,132,COMPLETE
45,0.03954401530893806,2026-04-21 08:12:21.510021,2026-04-21 08:12:39.032046,0 days 00:00:17.522025,27,144,COMPLETE
46,0.037821796637824714,2026-04-21 08:12:39.034530,2026-04-21 08:12:56.527847,0 days 00:00:17.493317,29,113,COMPLETE
47,0.034931855416635633,2026-04-21 08:12:56.529524,2026-04-21 08:13:11.314576,0 days 00:00:14.785052,9,122,COMPLETE
48,0.03294225458977595,2026-04-21 08:13:11.316293,2026-04-21 08:13:28.032078,0 days 00:00:16.715785,21,52,COMPLETE
49,0.03715607144835386,2026-04-21 08:13:28.034821,2026-04-21 08:13:45.445192,0 days 00:00:17.410371,25,102,COMPLETE
50,0.03316090725800626,2026-04-21 08:13:45.449623,2026-04-21 08:14:02.873476,0 days 00:00:17.423853,30,5,COMPLETE
51,0.03960996972469757,2026-04-21 08:14:02.874635,2026-04-21 08:14:20.100494,0 days 00:00:17.225859,27,145,COMPLETE
52,0.039249759631525286,2026-04-21 08:14:20.102942,2026-04-21 08:14:37.331185,0 days 00:00:17.228243,27,134,COMPLETE
53,0.03977443474977964,2026-04-21 08:14:37.332878,2026-04-21 08:14:54.598459,0 days 00:00:17.265581,24,145,COMPLETE
54,0.039162153642145744,2026-04-21 08:14:54.599689,2026-04-21 08:15:11.132602,0 days 00:00:16.532913,23,146,COMPLETE
55,0.039201700517788374,2026-04-21 08:15:11.134277,2026-04-21 08:15:27.988746,0 days 00:00:16.854469,25,128,COMPLETE
56,0.03858256631034912,2026-04-21 08:15:27.990128,2026-04-21 08:15:44.263086,0 days 00:00:16.272958,21,137,COMPLETE
57,0.038876591058497036,2026-04-21 08:15:44.264489,2026-04-21 08:16:02.019430,0 days 00:00:17.754941,30,146,COMPLETE
58,0.039201700517788374,2026-04-21 08:16:02.020875,2026-04-21 08:16:18.366602,0 days 00:00:16.345727,24,128,COMPLETE
59,0.0338883234364642,2026-04-21 08:16:18.368374,2026-04-21 08:16:32.857492,0 days 00:00:14.489118,6,115,COMPLETE
60,0.034848144277578944,2026-04-21 08:16:32.859208,2026-04-21 08:16:49.001942,0 days 00:00:16.142734,19,71,COMPLETE
61,0.03960996972469757,2026-04-21 08:16:49.003122,2026-04-21 08:17:06.201037,0 days 00:00:17.197915,27,145,COMPLETE
62,0.039809579059052864,2026-04-21 08:17:06.202974,2026-04-21 08:17:23.298641,0 days 00:00:17.095667,27,150,COMPLETE
63,0.039527745226497525,2026-04-21 08:17:23.300368,2026-04-21 08:17:40.071753,0 days 00:00:16.771385,25,134,COMPLETE
64,0.03960996972469757,2026-04-21 08:17:40.073270,2026-04-21 08:17:57.038814,0 days 00:00:16.965544,27,145,COMPLETE
65,0.03912195337545182,2026-04-21 08:17:57.047094,2026-04-21 08:18:14.021356,0 days 00:00:16.974262,22,139,COMPLETE
66,0.039366646123786826,2026-04-21 08:18:14.022738,2026-04-21 08:18:30.638798,0 days 00:00:16.616060,23,150,COMPLETE
67,0.03862139375444843,2026-04-21 08:18:30.639889,2026-04-21 08:18:47.774508,0 days 00:00:17.134619,28,124,COMPLETE
68,0.039249759631525286,2026-04-21 08:18:47.775749,2026-04-21 08:19:05.127199,0 days 00:00:17.351450,26,134,COMPLETE
69,0.038876591058497036,2026-04-21 08:19:05.128820,2026-04-21 08:19:22.939330,0 days 00:00:17.810510,30,146,COMPLETE
70,0.03573117796800042,2026-04-21 08:19:22.940687,2026-04-21 08:19:39.739393,0 days 00:00:16.798706,24,84,COMPLETE
71,0.03951489138637888,2026-04-21 08:19:39.741063,2026-04-21 08:19:56.527305,0 days 00:00:16.786242,27,143,COMPLETE
72,0.03970119975333889,2026-04-21 08:19:56.529546,2026-04-21 08:20:13.233313,0 days 00:00:16.703767,27,147,COMPLETE
73,0.03964941723238658,2026-04-21 08:20:13.234841,2026-04-21 08:20:30.246071,0 days 00:00:17.011230,25,140,COMPLETE
74,0.03966942406520492,2026-04-21 08:20:30.247934,2026-04-21 08:20:46.885565,0 days 00:00:16.637631,25,137,COMPLETE
75,0.03966942406520492,2026-04-21 08:20:46.887066,2026-04-21 08:21:03.723839,0 days 00:00:16.836773,25,137,COMPLETE
76,0.0382773508443467,2026-04-21 08:21:03.726759,2026-04-21 08:21:20.242685,0 days 00:00:16.515926,23,120,COMPLETE
77,0.03939337081153882,2026-04-21 08:21:20.245904,2026-04-21 08:21:37.381900,0 days 00:00:17.135996,25,131,COMPLETE
78,0.039249759631525286,2026-04-21 08:21:37.383775,2026-04-21 08:21:54.588802,0 days 00:00:17.205027,26,134,COMPLETE
79,0.03909410717194702,2026-04-21 08:21:54.591519,2026-04-21 08:22:10.975361,0 days 00:00:16.383842,22,137,COMPLETE
80,0.03422624396639903,2026-04-21 08:22:10.977560,2026-04-21 08:22:27.427273,0 days 00:00:16.449713,21,34,COMPLETE
81,0.03964941723238658,2026-04-21 08:22:27.429040,2026-04-21 08:22:44.297858,0 days 00:00:16.868818,25,140,COMPLETE
82,0.03955534230478461,2026-04-21 08:22:44.299488,2026-04-21 08:23:01.307507,0 days 00:00:17.008019,28,149,COMPLETE
83,0.03964941723238658,2026-04-21 08:23:01.308967,2026-04-21 08:23:17.935849,0 days 00:00:16.626882,24,140,COMPLETE
84,0.03878968647644955,2026-04-21 08:23:17.937532,2026-04-21 08:23:35.127710,0 days 00:00:17.190178,26,127,COMPLETE
85,0.03918235580377923,2026-04-21 08:23:35.130311,2026-04-21 08:23:52.413752,0 days 00:00:17.283441,29,136,COMPLETE
86,0.03875079165948366,2026-04-21 08:23:52.415458,2026-04-21 08:24:09.104080,0 days 00:00:16.688622,23,130,COMPLETE
87,0.03970918193925561,2026-04-21 08:24:09.105236,2026-04-21 08:24:25.933088,0 days 00:00:16.827852,25,141,COMPLETE
88,0.039803815423487154,2026-04-21 08:24:25.934433,2026-04-21 08:24:43.206324,0 days 00:00:17.271891,26,149,COMPLETE
89,0.03950477015530176,2026-04-21 08:24:43.208531,2026-04-21 08:25:00.456100,0 days 00:00:17.247569,28,148,COMPLETE
90,0.03781360717557627,2026-04-21 08:25:00.458550,2026-04-21 08:25:16.381783,0 days 00:00:15.923233,15,142,COMPLETE
91,0.03979220850799762,2026-04-21 08:25:16.383453,2026-04-21 08:25:33.193279,0 days 00:00:16.809826,24,150,COMPLETE
92,0.039809579059052864,2026-04-21 08:25:33.194886,2026-04-21 08:25:50.659869,0 days 00:00:17.464983,26,150,COMPLETE
93,0.039809579059052864,2026-04-21 08:25:50.661176,2026-04-21 08:26:07.658906,0 days 00:00:16.997730,26,150,COMPLETE
94,0.039809579059052864,2026-04-21 08:26:07.661721,2026-04-21 08:26:24.613441,0 days 00:00:16.951720,26,150,COMPLETE
95,0.039803815423487154,2026-04-21 08:26:24.614712,2026-04-21 08:26:41.937577,0 days 00:00:17.322865,26,149,COMPLETE
96,0.039809579059052864,2026-04-21 08:26:41.940313,2026-04-21 08:26:59.740548,0 days 00:00:17.800235,26,150,COMPLETE
97,0.039809579059052864,2026-04-21 08:26:59.742070,2026-04-21 08:27:16.898765,0 days 00:00:17.156695,26,150,COMPLETE
98,0.039803815423487154,2026-04-21 08:27:16.901909,2026-04-21 08:27:34.048567,0 days 00:00:17.146658,26,149,COMPLETE
99,0.039809579059052864,2026-04-21 08:27:34.051097,2026-04-21 08:27:51.176978,0 days 00:00:17.125881,26,150,COMPLETE
