number,value,datetime_start,datetime_complete,duration,params_C,params_d_gap_erosion,params_d_gaussian,params_n_bgd_points,params_n_fgd_points,state
0,0.048590377656467315,2026-04-09 12:39:59.288828,2026-04-09 12:40:45.435245,0 days 00:00:46.146417,4,17,23,1050,609,COMPLETE
1,0.04873583628508427,2026-04-09 12:40:45.436004,2026-04-09 12:41:35.387595,0 days 00:00:49.951591,6,11,13,1326,518,COMPLETE
2,0.050584436787023394,2026-04-09 12:41:35.388722,2026-04-09 12:42:20.631315,0 days 00:00:45.242593,0,15,27,1631,12,COMPLETE
3,0.048125887796108574,2026-04-09 12:42:20.634450,2026-04-09 12:43:01.096479,0 days 00:00:40.462029,3,7,9,1273,63,COMPLETE
4,0.048632734314702136,2026-04-09 12:43:01.097188,2026-04-09 12:43:37.576951,0 days 00:00:36.479763,10,21,19,1022,14,COMPLETE
5,0.04906560557784304,2026-04-09 12:43:37.592028,2026-04-09 12:44:37.500336,0 days 00:00:59.908308,10,17,29,1524,1345,COMPLETE
6,0.04707507073681586,2026-04-09 12:44:37.501317,2026-04-09 12:45:26.369243,0 days 00:00:48.867926,0,15,21,1320,516,COMPLETE
7,0.04853526877721813,2026-04-09 12:45:26.370821,2026-04-09 12:46:13.258288,0 days 00:00:46.887467,7,13,15,449,1304,COMPLETE
8,0.04922639778958847,2026-04-09 12:46:13.260715,2026-04-09 12:47:26.595072,0 days 00:01:13.334357,2,13,5,1908,1881,COMPLETE
9,0.04868399880726913,2026-04-09 12:47:26.596179,2026-04-09 12:48:07.499254,0 days 00:00:40.903075,9,9,19,588,719,COMPLETE
10,0.047733026524470805,2026-04-09 12:48:07.507391,2026-04-09 12:48:53.791735,0 days 00:00:46.284344,0,15,27,36,1940,COMPLETE
11,0.04925695684579871,2026-04-09 12:48:53.795727,2026-04-09 12:50:08.743995,0 days 00:01:14.948268,2,3,5,1935,1931,COMPLETE
12,0.04925285378768335,2026-04-09 12:50:08.744855,2026-04-09 12:51:16.346295,0 days 00:01:07.601440,2,3,5,1983,1380,COMPLETE
13,0.04878790514677726,2026-04-09 12:51:16.348560,2026-04-09 12:52:23.675359,0 days 00:01:07.326799,1,3,3,1709,1592,COMPLETE
14,0.04862648737840853,2026-04-09 12:52:23.683666,2026-04-09 12:53:20.673251,0 days 00:00:56.989585,4,5,27,1650,938,COMPLETE
15,0.04794452674656173,2026-04-09 12:53:20.674267,2026-04-09 12:54:07.014852,0 days 00:00:46.340585,1,19,25,1843,300,COMPLETE
16,0.048257955947358114,2026-04-09 12:54:07.015699,2026-04-09 12:55:00.939482,0 days 00:00:53.923783,2,15,31,1484,1003,COMPLETE
17,0.04748370294629686,2026-04-09 12:55:00.942578,2026-04-09 12:56:13.131048,0 days 00:01:12.188470,0,3,7,1728,1685,COMPLETE
18,0.048735434519503004,2026-04-09 12:56:13.132383,2026-04-09 12:57:00.659624,0 days 00:00:47.527241,5,5,17,770,982,COMPLETE
19,0.048430119714348616,2026-04-09 12:57:00.661014,2026-04-09 12:57:46.010603,0 days 00:00:45.349589,3,19,11,1507,277,COMPLETE
20,0.04848202575550874,2026-04-09 12:57:46.011437,2026-04-09 12:58:38.977405,0 days 00:00:52.965968,1,9,5,1166,1155,COMPLETE
21,0.049273258125307064,2026-04-09 12:58:38.978992,2026-04-09 12:59:47.538643,0 days 00:01:08.559651,2,3,5,1905,1599,COMPLETE
22,0.049125117653684144,2026-04-09 12:59:47.539566,2026-04-09 13:00:57.687603,0 days 00:01:10.148037,3,3,5,1982,1674,COMPLETE
23,0.04816278108696599,2026-04-09 13:00:57.690814,2026-04-09 13:02:08.400731,0 days 00:01:10.709917,1,3,27,1788,1626,COMPLETE
24,0.048853126204287174,2026-04-09 13:02:08.403288,2026-04-09 13:03:06.382358,0 days 00:00:57.979070,4,7,5,1592,1999,COMPLETE
25,0.048735533606890896,2026-04-09 13:03:06.384554,2026-04-09 13:04:18.935561,0 days 00:01:12.551007,2,11,17,1804,1791,COMPLETE
26,0.04808468740215535,2026-04-09 13:04:18.936664,2026-04-09 13:05:04.094024,0 days 00:00:45.157360,0,21,3,802,1462,COMPLETE
27,0.04934598903560914,2026-04-09 13:05:04.097157,2026-04-09 13:06:21.317172,0 days 00:01:17.220015,5,15,15,1999,1809,COMPLETE
28,0.049123855772524,2026-04-09 13:06:21.318878,2026-04-09 13:07:19.435249,0 days 00:00:58.116371,7,15,15,1405,1201,COMPLETE
29,0.04869819737510594,2026-04-09 13:07:19.436103,2026-04-09 13:08:12.563020,0 days 00:00:53.126917,6,15,23,1645,725,COMPLETE
30,0.049104704543613084,2026-04-09 13:08:12.564000,2026-04-09 13:09:12.038151,0 days 00:00:59.474151,5,17,15,1175,1527,COMPLETE
31,0.04922769242992604,2026-04-09 13:09:12.047388,2026-04-09 13:10:25.076454,0 days 00:01:13.029066,3,3,13,1979,1761,COMPLETE
32,0.04907549966547379,2026-04-09 13:10:25.077682,2026-04-09 13:11:23.596948,0 days 00:00:58.519266,8,15,9,1848,1864,COMPLETE
33,0.04904695271707628,2026-04-09 13:11:23.598765,2026-04-09 13:12:33.529420,0 days 00:01:09.930655,5,11,11,1847,1832,COMPLETE
34,0.048852782692304766,2026-04-09 13:12:33.530744,2026-04-09 13:13:50.115537,0 days 00:01:16.584793,4,3,25,1985,1994,COMPLETE
35,0.04859902181593253,2026-04-09 13:13:50.117030,2026-04-09 13:14:36.680709,0 days 00:00:46.563679,6,7,7,1743,166,COMPLETE
36,0.0479325377126934,2026-04-09 13:14:36.683085,2026-04-09 13:15:39.171691,0 days 00:01:02.488606,1,15,29,1519,1500,COMPLETE
37,0.048927461558762264,2026-04-09 13:15:39.172711,2026-04-09 13:16:44.361663,0 days 00:01:05.188952,4,21,21,1620,1759,COMPLETE
38,0.048467645101350695,2026-04-09 13:16:44.363812,2026-04-09 13:17:34.915118,0 days 00:00:50.551306,2,17,15,1898,566,COMPLETE
39,0.04712753555552239,2026-04-09 13:17:34.922194,2026-04-09 13:18:21.737299,0 days 00:00:46.815105,0,13,23,1417,379,COMPLETE
40,0.048480925603123726,2026-04-09 13:18:21.739773,2026-04-09 13:19:06.656307,0 days 00:00:44.916534,3,15,31,1201,716,COMPLETE
41,0.049265242274271294,2026-04-09 13:19:06.659114,2026-04-09 13:20:13.097575,0 days 00:01:06.438461,2,3,5,1909,1426,COMPLETE
42,0.04924750875609566,2026-04-09 13:20:13.098919,2026-04-09 13:21:19.655661,0 days 00:01:06.556742,2,3,5,1924,1391,COMPLETE
43,0.048589363923336466,2026-04-09 13:21:19.657268,2026-04-09 13:22:22.939615,0 days 00:01:03.282347,1,3,5,1738,1274,COMPLETE
44,0.047992704379480736,2026-04-09 13:22:22.940659,2026-04-09 13:23:09.866944,0 days 00:00:46.926285,2,9,19,106,1711,COMPLETE
45,0.04763144618917862,2026-04-09 13:23:09.869634,2026-04-09 13:24:22.037314,0 days 00:01:12.167680,0,3,27,1881,1909,COMPLETE
46,0.04905609849187088,2026-04-09 13:24:22.038002,2026-04-09 13:25:25.108944,0 days 00:01:03.070942,3,5,5,1680,1539,COMPLETE
47,0.04934227178606995,2026-04-09 13:25:25.110758,2026-04-09 13:26:30.605742,0 days 00:01:05.494984,9,19,13,1784,1594,COMPLETE
48,0.049375831656353855,2026-04-09 13:26:30.608690,2026-04-09 13:27:34.212025,0 days 00:01:03.603335,9,19,13,1792,1428,COMPLETE
49,0.04927663227486338,2026-04-09 13:27:34.215486,2026-04-09 13:28:29.342110,0 days 00:00:55.126624,9,19,13,1566,1062,COMPLETE
50,0.04904349130797623,2026-04-09 13:28:29.342957,2026-04-09 13:29:22.675840,0 days 00:00:53.332883,10,19,13,1335,1107,COMPLETE
51,0.049372930912609025,2026-04-09 13:29:22.677551,2026-04-09 13:30:23.405270,0 days 00:01:00.727719,9,19,13,1801,1316,COMPLETE
52,0.04918203722050851,2026-04-09 13:30:23.412592,2026-04-09 13:31:15.383155,0 days 00:00:51.970563,9,19,13,1590,829,COMPLETE
53,0.049346495562945895,2026-04-09 13:31:15.385581,2026-04-09 13:32:15.878167,0 days 00:01:00.492586,9,19,13,1748,1269,COMPLETE
54,0.04883536493742467,2026-04-09 13:32:15.885144,2026-04-09 13:33:18.308805,0 days 00:01:02.423661,8,19,13,1782,1279,COMPLETE
55,0.04881632333659289,2026-04-09 13:33:18.310936,2026-04-09 13:34:15.568898,0 days 00:00:57.257962,8,19,13,1682,1192,COMPLETE
56,0.048799134909637394,2026-04-09 13:34:15.569848,2026-04-09 13:35:07.587338,0 days 00:00:52.017490,9,19,13,886,1349,COMPLETE
57,0.04905481458654348,2026-04-09 13:35:07.589395,2026-04-09 13:36:02.892598,0 days 00:00:55.303203,10,19,13,1449,1264,COMPLETE
58,0.04884336661683876,2026-04-09 13:36:02.901711,2026-04-09 13:36:48.185617,0 days 00:00:45.283906,9,19,27,1801,20,COMPLETE
59,0.048297455188574215,2026-04-09 13:36:48.186724,2026-04-09 13:37:38.451393,0 days 00:00:50.264669,7,19,13,560,1627,COMPLETE
60,0.04892156731398249,2026-04-09 13:37:38.452375,2026-04-09 13:38:28.673669,0 days 00:00:50.221294,8,13,9,1726,912,COMPLETE
61,0.04927899033843263,2026-04-09 13:38:28.682098,2026-04-09 13:39:23.946598,0 days 00:00:55.264500,9,19,13,1562,1077,COMPLETE
62,0.04913159738900173,2026-04-09 13:39:23.949993,2026-04-09 13:40:19.945224,0 days 00:00:55.995231,10,19,13,1821,1118,COMPLETE
63,0.049297782258641,2026-04-09 13:40:19.946336,2026-04-09 13:41:18.944771,0 days 00:00:58.998435,9,19,13,1557,1311,COMPLETE
64,0.048865834016603486,2026-04-09 13:41:18.946961,2026-04-09 13:42:19.111389,0 days 00:01:00.164428,8,15,15,1637,1454,COMPLETE
65,0.05050039302341724,2026-04-09 13:42:19.114205,2026-04-09 13:42:58.550929,0 days 00:00:39.436724,9,19,3,1318,1351,COMPLETE
66,0.05046008432550985,2026-04-09 13:42:58.552005,2026-04-09 13:43:38.272461,0 days 00:00:39.720456,7,19,3,1308,1552,COMPLETE
67,0.050599528585571124,2026-04-09 13:43:38.275048,2026-04-09 13:44:16.752738,0 days 00:00:38.477690,7,11,3,1141,1207,COMPLETE
68,0.05059090656068775,2026-04-09 13:44:16.753929,2026-04-09 13:44:55.447765,0 days 00:00:38.693836,7,7,3,1080,1223,COMPLETE
69,0.050567139670292166,2026-04-09 13:44:55.448875,2026-04-09 13:45:33.833376,0 days 00:00:38.384501,7,11,3,1081,1202,COMPLETE
70,0.050569377283763886,2026-04-09 13:45:33.835473,2026-04-09 13:46:10.782342,0 days 00:00:36.946869,7,11,3,1059,1216,COMPLETE
71,0.050586349535419725,2026-04-09 13:46:10.783895,2026-04-09 13:46:48.824923,0 days 00:00:38.041028,7,11,3,1070,1195,COMPLETE
72,0.050593051255755216,2026-04-09 13:46:48.825754,2026-04-09 13:47:26.986175,0 days 00:00:38.160421,7,11,3,1068,1218,COMPLETE
73,0.050533528499496674,2026-04-09 13:47:26.986898,2026-04-09 13:48:03.627205,0 days 00:00:36.640307,6,11,3,1048,1194,COMPLETE
74,0.05057327437326854,2026-04-09 13:48:03.628756,2026-04-09 13:48:40.677690,0 days 00:00:37.048934,6,11,3,1076,1020,COMPLETE
75,0.050565141818922174,2026-04-09 13:48:40.678435,2026-04-09 13:49:16.478222,0 days 00:00:35.799787,7,11,3,941,1012,COMPLETE
76,0.05057441855201352,2026-04-09 13:49:16.480653,2026-04-09 13:49:54.552030,0 days 00:00:38.071377,6,11,3,1103,895,COMPLETE
77,0.05056935146417167,2026-04-09 13:49:54.553581,2026-04-09 13:50:33.945729,0 days 00:00:39.392148,6,11,3,1126,936,COMPLETE
78,0.05050019179648674,2026-04-09 13:50:33.946797,2026-04-09 13:51:11.192927,0 days 00:00:37.246130,6,11,3,982,829,COMPLETE
79,0.0505155997051702,2026-04-09 13:51:11.195422,2026-04-09 13:51:52.777292,0 days 00:00:41.581870,7,11,3,1237,1029,COMPLETE
80,0.050731120443298965,2026-04-09 13:51:52.786702,2026-04-09 13:52:26.813686,0 days 00:00:34.026984,6,7,3,775,862,COMPLETE
81,0.05067878689305884,2026-04-09 13:52:26.814383,2026-04-09 13:53:01.219797,0 days 00:00:34.405414,6,7,3,825,862,COMPLETE
82,0.05072514226528157,2026-04-09 13:53:01.222397,2026-04-09 13:53:35.977954,0 days 00:00:34.755557,6,7,3,789,876,COMPLETE
83,0.050724461770528625,2026-04-09 13:53:35.979198,2026-04-09 13:54:09.681453,0 days 00:00:33.702255,6,7,3,720,768,COMPLETE
84,0.050895742249577824,2026-04-09 13:54:09.682824,2026-04-09 13:54:43.930423,0 days 00:00:34.247599,5,7,3,732,762,COMPLETE
85,0.050921339520542924,2026-04-09 13:54:43.931983,2026-04-09 13:55:18.357854,0 days 00:00:34.425871,5,7,3,695,669,COMPLETE
86,0.050914570637465864,2026-04-09 13:55:18.366411,2026-04-09 13:55:52.220391,0 days 00:00:33.853980,5,7,3,703,648,COMPLETE
87,0.050920702327420284,2026-04-09 13:55:52.222654,2026-04-09 13:56:26.288912,0 days 00:00:34.066258,5,7,3,704,684,COMPLETE
88,0.04856462973844049,2026-04-09 13:56:26.291122,2026-04-09 13:57:22.007188,0 days 00:00:55.716066,5,7,17,692,647,COMPLETE
89,0.0483623661297743,2026-04-09 13:57:22.068766,2026-04-09 13:57:58.719871,0 days 00:00:36.651105,5,7,29,724,457,COMPLETE
90,0.04837542000631459,2026-04-09 13:57:58.722919,2026-04-09 13:58:46.706821,0 days 00:00:47.983902,4,7,25,605,773,COMPLETE
91,0.050797078521035016,2026-04-09 13:58:46.749031,2026-04-09 13:59:31.274969,0 days 00:00:44.525938,5,7,3,841,643,COMPLETE
92,0.050790866503106956,2026-04-09 13:59:31.291040,2026-04-09 14:00:19.990963,0 days 00:00:48.699923,5,7,3,836,625,COMPLETE
93,0.0508145407855258,2026-04-09 14:00:20.031124,2026-04-09 14:01:01.500913,0 days 00:00:41.469789,5,7,3,833,622,COMPLETE
94,0.04853741178487171,2026-04-09 14:01:01.503596,2026-04-09 14:01:46.628120,0 days 00:00:45.124524,5,7,21,646,656,COMPLETE
95,0.04851069841320048,2026-04-09 14:01:46.630200,2026-04-09 14:02:27.324641,0 days 00:00:40.694441,4,7,11,462,529,COMPLETE
96,0.04897587194445325,2026-04-09 14:02:27.327614,2026-04-09 14:03:12.427439,0 days 00:00:45.099825,5,7,7,856,606,COMPLETE
97,0.0484883536681947,2026-04-09 14:03:12.436256,2026-04-09 14:03:59.059621,0 days 00:00:46.623365,5,7,31,764,775,COMPLETE
98,0.04841100059919467,2026-04-09 14:03:59.060830,2026-04-09 14:04:38.299762,0 days 00:00:39.238932,4,7,19,519,458,COMPLETE
99,0.05071452875639969,2026-04-09 14:04:38.301458,2026-04-09 14:05:19.167100,0 days 00:00:40.865642,5,7,3,928,681,COMPLETE
