number,value,datetime_start,datetime_complete,duration,params_C,params_d_bilateral,params_d_prb_fgd_erosion,params_d_prb_gaussian,params_d_sure_bgd_erosion,params_d_sure_fgd_erosion,params_extra_d_sure_gaussian,params_iters,params_sigma,state
0,0.1170643207659834,2026-03-27 14:29:37.779377,2026-03-27 14:31:40.251851,0 days 00:02:02.472474,6,15,3,15,21,15,16,6,110,COMPLETE
1,0.151820155415845,2026-03-27 14:31:40.253289,2026-03-27 14:33:59.599913,0 days 00:02:19.346624,2,14,3,5,7,15,10,9,13,COMPLETE
2,0.08083269632695943,2026-03-27 14:33:59.600883,2026-03-27 14:37:28.021742,0 days 00:03:28.420859,1,2,19,13,17,7,2,4,43,COMPLETE
3,0.0,2026-03-27 14:37:28.022971,2026-03-27 14:37:36.519900,0 days 00:00:08.496929,9,9,17,7,15,19,10,10,13,COMPLETE
4,0.0,2026-03-27 14:37:36.520975,2026-03-27 14:37:48.129907,0 days 00:00:11.608932,9,12,15,3,17,5,14,5,98,COMPLETE
5,0.1675809013714257,2026-03-27 14:37:48.131130,2026-03-27 14:40:19.897686,0 days 00:02:31.766556,10,13,5,19,7,3,14,13,130,COMPLETE
6,0.0,2026-03-27 14:40:19.898785,2026-03-27 14:40:29.540685,0 days 00:00:09.641900,6,12,19,19,9,19,18,15,83,COMPLETE
7,0.12097453709323401,2026-03-27 14:40:29.541581,2026-03-27 14:45:39.486156,0 days 00:05:09.944575,7,5,3,9,21,13,18,13,17,COMPLETE
8,0.0,2026-03-27 14:45:39.487171,2026-03-27 14:45:45.170022,0 days 00:00:05.682851,7,2,21,3,19,7,12,10,12,COMPLETE
9,0.15404526527833626,2026-03-27 14:45:45.171370,2026-03-27 14:46:17.049923,0 days 00:00:31.878553,9,5,7,19,19,5,20,1,143,COMPLETE
10,0.12575475927278898,2026-03-27 14:46:17.051097,2026-03-27 14:50:57.807278,0 days 00:04:40.756181,3,9,5,17,7,3,8,13,146,COMPLETE
11,0.05840767853958708,2026-03-27 14:50:57.808607,2026-03-27 14:51:20.049782,0 days 00:00:22.241175,10,6,7,19,13,21,20,1,145,COMPLETE
12,0.0,2026-03-27 14:51:20.051384,2026-03-27 14:51:32.511190,0 days 00:00:12.459806,10,6,11,19,5,17,4,1,122,COMPLETE
13,0.11042584288783926,2026-03-27 14:51:32.511978,2026-03-27 14:55:13.791384,0 days 00:03:41.279406,4,4,7,11,19,5,20,7,130,COMPLETE
14,0.17423418406660934,2026-03-27 14:55:13.792130,2026-03-27 14:55:59.749790,0 days 00:00:45.957660,8,8,9,21,3,3,14,3,69,COMPLETE
15,0.1797216097074246,2026-03-27 14:55:59.750488,2026-03-27 14:56:44.011072,0 days 00:00:44.260584,8,12,9,21,3,3,14,3,57,COMPLETE
16,0.17796849908260412,2026-03-27 14:56:44.012038,2026-03-27 14:57:28.695180,0 days 00:00:44.683142,8,10,9,21,3,3,14,3,51,COMPLETE
17,0.12778427372435008,2026-03-27 14:57:28.696446,2026-03-27 14:58:11.247056,0 days 00:00:42.550610,5,11,9,21,3,11,6,3,51,COMPLETE
18,0.14521636895566795,2026-03-27 14:58:11.248791,2026-03-27 14:59:29.761962,0 days 00:01:18.513171,7,10,9,21,3,9,14,7,35,COMPLETE
19,0.04609344102647509,2026-03-27 14:59:29.762638,2026-03-27 15:01:10.801903,0 days 00:01:41.039265,0,15,13,21,11,3,14,3,60,COMPLETE
20,0.17238718966906177,2026-03-27 15:01:10.803030,2026-03-27 15:02:14.472086,0 days 00:01:03.669056,8,8,9,21,3,3,12,5,30,COMPLETE
21,0.17451742970534184,2026-03-27 15:02:14.472862,2026-03-27 15:03:00.291824,0 days 00:00:45.818962,8,8,9,21,3,3,14,3,69,COMPLETE
22,0.17801556048862874,2026-03-27 15:03:00.292801,2026-03-27 15:03:36.101082,0 days 00:00:35.808281,8,10,9,21,3,3,14,2,88,COMPLETE
23,0.16839177402732047,2026-03-27 15:03:36.102862,2026-03-27 15:04:13.828469,0 days 00:00:37.725607,6,11,9,21,3,3,14,2,87,COMPLETE
24,0.08501551422670943,2026-03-27 15:04:13.829337,2026-03-27 15:05:03.478506,0 days 00:00:49.649169,5,10,9,15,3,13,4,5,96,COMPLETE
25,0.0,2026-03-27 15:05:03.480182,2026-03-27 15:05:14.440511,0 days 00:00:10.960329,8,13,11,11,9,9,16,2,56,COMPLETE
26,0.0,2026-03-27 15:05:14.441369,2026-03-27 15:05:25.497617,0 days 00:00:11.056248,7,11,15,17,5,17,8,4,79,COMPLETE
27,0.0,2026-03-27 15:05:25.498731,2026-03-27 15:05:38.505294,0 days 00:00:13.006563,9,13,21,7,15,11,2,2,65,COMPLETE
28,0.0,2026-03-27 15:05:38.506018,2026-03-27 15:05:47.785238,0 days 00:00:09.279220,4,10,13,9,11,21,6,7,46,COMPLETE
29,0.0,2026-03-27 15:05:47.786397,2026-03-27 15:05:59.347838,0 days 00:00:11.561441,6,14,17,5,13,15,14,6,107,COMPLETE
30,0.17044991831067877,2026-03-27 15:05:59.348904,2026-03-27 15:07:23.821408,0 days 00:01:24.472504,5,7,9,13,3,3,16,6,28,COMPLETE
31,0.17434111099477437,2026-03-27 15:07:23.822203,2026-03-27 15:08:19.668556,0 days 00:00:55.846353,8,8,9,21,3,3,14,4,73,COMPLETE
32,0.1743344491770494,2026-03-27 15:08:19.669451,2026-03-27 15:09:05.732089,0 days 00:00:46.062638,8,9,9,21,3,3,14,3,90,COMPLETE
33,0.13491204018312525,2026-03-27 15:09:05.733317,2026-03-27 15:10:15.666274,0 days 00:01:09.932957,7,12,9,21,21,3,14,2,40,COMPLETE
34,0.11292588859934834,2026-03-27 15:10:15.668191,2026-03-27 15:11:04.083291,0 days 00:00:48.415100,9,7,3,15,3,15,10,4,63,COMPLETE
35,0.14991910578508158,2026-03-27 15:11:04.084039,2026-03-27 15:14:55.910270,0 days 00:03:51.826231,8,10,9,21,17,3,14,9,75,COMPLETE
36,0.0,2026-03-27 15:14:55.910900,2026-03-27 15:15:09.375673,0 days 00:00:13.464773,6,14,19,13,3,19,2,4,53,COMPLETE
37,0.0,2026-03-27 15:15:09.376528,2026-03-27 15:15:16.899523,0 days 00:00:07.522995,10,9,17,5,15,7,14,1,3,COMPLETE
38,0.17827158766725504,2026-03-27 15:15:16.900760,2026-03-27 15:16:20.329276,0 days 00:01:03.428516,9,11,15,21,3,3,10,5,115,COMPLETE
39,0.0,2026-03-27 15:16:20.330242,2026-03-27 15:16:33.484733,0 days 00:00:13.154491,9,12,15,3,9,3,10,5,109,COMPLETE
40,0.0,2026-03-27 15:16:33.485549,2026-03-27 15:16:44.525372,0 days 00:00:11.039823,10,11,15,7,17,19,10,6,122,COMPLETE
41,0.17744636723327606,2026-03-27 15:16:44.526759,2026-03-27 15:17:31.342138,0 days 00:00:46.815379,9,9,15,21,3,3,18,3,100,COMPLETE
42,0.17905095491160208,2026-03-27 15:17:31.343212,2026-03-27 15:18:07.819890,0 days 00:00:36.476678,9,10,15,21,3,3,18,2,96,COMPLETE
43,3.3116481717773885e-05,2026-03-27 15:18:07.820645,2026-03-27 15:18:21.618479,0 days 00:00:13.797834,9,11,15,21,7,13,18,2,117,COMPLETE
44,0.0004186138983740778,2026-03-27 15:18:21.619514,2026-03-27 15:18:33.199270,0 days 00:00:11.579756,10,12,5,9,21,3,18,1,93,COMPLETE
45,0.1581088137885221,2026-03-27 15:18:33.201324,2026-03-27 15:20:34.607745,0 days 00:02:01.406421,7,10,15,21,3,7,10,11,132,COMPLETE
46,0.14856625761064965,2026-03-27 15:20:34.609141,2026-03-27 15:21:35.984249,0 days 00:01:01.375108,9,13,21,17,13,5,12,4,103,COMPLETE
47,0.0,2026-03-27 15:21:35.985433,2026-03-27 15:21:47.639435,0 days 00:00:11.654002,7,12,19,21,3,21,18,2,114,COMPLETE
48,0.030817873908065747,2026-03-27 15:21:47.640441,2026-03-27 15:22:33.602307,0 days 00:00:45.961866,2,11,3,3,19,17,8,5,82,COMPLETE
49,0.12163529753317986,2026-03-27 15:22:33.603071,2026-03-27 15:22:57.112460,0 days 00:00:23.509389,8,10,15,11,5,3,4,1,45,COMPLETE
50,0.004224710177812086,2026-03-27 15:22:57.113526,2026-03-27 15:23:21.480832,0 days 00:00:24.367306,10,14,11,21,3,11,20,8,138,COMPLETE
51,0.1777178426992093,2026-03-27 15:23:21.482273,2026-03-27 15:24:07.971295,0 days 00:00:46.489022,9,9,15,21,3,3,18,3,102,COMPLETE
52,0.17784937466756418,2026-03-27 15:24:07.972069,2026-03-27 15:24:54.551135,0 days 00:00:46.579066,9,9,15,21,3,3,18,3,87,COMPLETE
53,0.1692124581024318,2026-03-27 15:24:54.551828,2026-03-27 15:25:32.074661,0 days 00:00:37.522833,8,7,15,21,3,3,18,2,87,COMPLETE
54,0.1773243229934149,2026-03-27 15:25:32.075714,2026-03-27 15:26:31.228491,0 days 00:00:59.152777,9,10,13,21,7,3,6,4,78,COMPLETE
55,0.1226478663853826,2026-03-27 15:26:31.229921,2026-03-27 15:27:19.401110,0 days 00:00:48.171189,10,11,5,19,11,9,18,3,95,COMPLETE
56,0.16901280233184843,2026-03-27 15:27:19.402159,2026-03-27 15:27:43.527269,0 days 00:00:24.125110,9,9,7,15,3,3,10,1,70,COMPLETE
57,0.17725591927365025,2026-03-27 15:27:43.528332,2026-03-27 15:28:20.333442,0 days 00:00:36.805110,7,12,15,21,3,3,14,2,86,COMPLETE
58,0.17782541500496193,2026-03-27 15:28:20.334424,2026-03-27 15:29:06.149637,0 days 00:00:45.815213,8,10,9,21,3,3,16,3,56,COMPLETE
59,0.0,2026-03-27 15:29:06.150568,2026-03-27 15:29:15.718714,0 days 00:00:09.568146,8,1,15,5,15,15,2,5,122,COMPLETE
60,0.0,2026-03-27 15:29:15.719811,2026-03-27 15:29:23.961089,0 days 00:00:08.241278,9,8,21,7,19,5,12,4,114,COMPLETE
61,0.17776467401561405,2026-03-27 15:29:23.961782,2026-03-27 15:30:14.315683,0 days 00:00:50.353901,8,10,9,21,3,3,16,3,52,COMPLETE
62,0.177653900675389,2026-03-27 15:30:14.317117,2026-03-27 15:31:02.136812,0 days 00:00:47.819695,8,11,9,21,3,3,16,3,59,COMPLETE
63,0.17622854475527042,2026-03-27 15:31:02.137906,2026-03-27 15:31:39.989805,0 days 00:00:37.851899,7,13,9,21,3,3,16,2,38,COMPLETE
64,0.16906143732520257,2026-03-27 15:31:39.990918,2026-03-27 15:34:08.502730,0 days 00:02:28.511812,9,9,9,13,3,3,16,15,65,COMPLETE
65,0.12940622192826667,2026-03-27 15:34:08.504667,2026-03-27 15:35:29.547489,0 days 00:01:21.042822,8,10,9,21,9,13,14,4,32,COMPLETE
66,0.0,2026-03-27 15:35:29.548559,2026-03-27 15:35:46.401178,0 days 00:00:16.852619,10,11,17,9,3,17,8,1,48,COMPLETE
67,0.17611867983919524,2026-03-27 15:35:46.405072,2026-03-27 15:36:33.992770,0 days 00:00:47.587698,7,10,11,17,5,3,4,2,81,COMPLETE
68,0.11745468496583703,2026-03-27 15:36:33.994894,2026-03-27 15:45:43.393573,0 days 00:09:09.398679,4,8,7,21,21,9,20,14,22,COMPLETE
69,0.11315446023673907,2026-03-27 15:45:43.398607,2026-03-27 15:46:33.882654,0 days 00:00:50.484047,6,9,9,21,13,21,14,3,58,COMPLETE
70,0.12336577693716749,2026-03-27 15:46:33.883977,2026-03-27 15:48:17.307513,0 days 00:01:43.423536,9,3,3,11,17,11,18,5,91,COMPLETE
71,0.17767309433379755,2026-03-27 15:48:17.308433,2026-03-27 15:49:04.094059,0 days 00:00:46.785626,8,10,9,21,3,3,16,3,52,COMPLETE
72,0.17791446910858588,2026-03-27 15:49:04.102588,2026-03-27 15:49:50.055267,0 days 00:00:45.952679,8,11,9,21,3,3,16,3,70,COMPLETE
73,0.17444051864829183,2026-03-27 15:49:50.056140,2026-03-27 15:50:27.220126,0 days 00:00:37.163986,7,11,9,21,3,3,16,2,72,COMPLETE
74,0.17793298376447897,2026-03-27 15:50:27.221205,2026-03-27 15:51:08.469357,0 days 00:00:41.248152,8,12,9,21,3,3,6,3,66,COMPLETE
75,0.0,2026-03-27 15:51:08.470748,2026-03-27 15:51:21.125296,0 days 00:00:12.654548,10,13,19,21,3,19,6,4,76,COMPLETE
76,0.13505308434299082,2026-03-27 15:51:21.126352,2026-03-27 15:51:46.799634,0 days 00:00:25.673282,8,12,13,19,11,7,6,1,61,COMPLETE
77,0.04322138313101422,2026-03-27 15:51:46.800344,2026-03-27 15:52:53.638870,0 days 00:01:06.838526,0,12,15,3,3,3,6,6,66,COMPLETE
78,0.13426030151373436,2026-03-27 15:52:53.640504,2026-03-27 15:53:25.448087,0 days 00:00:31.807583,9,12,9,15,3,3,10,2,105,COMPLETE
79,0.1683221802881497,2026-03-27 15:53:25.449008,2026-03-27 15:54:25.009773,0 days 00:00:59.560765,6,11,5,21,3,3,14,4,85,COMPLETE
80,0.05248258887952896,2026-03-27 15:54:25.010638,2026-03-27 15:54:59.517016,0 days 00:00:34.506378,9,13,9,21,7,15,14,3,96,COMPLETE
81,0.17343798668308497,2026-03-27 15:54:59.518000,2026-03-27 15:55:46.312383,0 days 00:00:46.794383,8,9,9,21,3,3,16,3,56,COMPLETE
82,0.17680360127849243,2026-03-27 15:55:46.313891,2026-03-27 15:57:33.439415,0 days 00:01:47.125524,8,11,9,21,3,3,6,11,49,COMPLETE
83,0.17965126011682292,2026-03-27 15:57:33.440670,2026-03-27 15:58:19.380327,0 days 00:00:45.939657,9,10,9,21,3,3,18,3,41,COMPLETE
84,0.179580813718116,2026-03-27 15:58:19.381316,2026-03-27 15:58:55.413121,0 days 00:00:36.031805,9,11,15,21,3,3,18,2,70,COMPLETE
85,7.136739937196689e-05,2026-03-27 15:58:55.415055,2026-03-27 15:59:07.227989,0 days 00:00:11.812934,9,12,9,5,9,3,18,2,41,COMPLETE
86,0.0,2026-03-27 15:59:07.228739,2026-03-27 15:59:19.658049,0 days 00:00:12.429310,10,12,17,13,3,13,18,1,68,COMPLETE
87,0.17931441261264153,2026-03-27 15:59:19.659132,2026-03-27 15:59:55.693242,0 days 00:00:36.034110,9,11,15,21,3,3,18,2,62,COMPLETE
88,0.0,2026-03-27 15:59:55.694720,2026-03-27 16:00:05.182492,0 days 00:00:09.487772,9,10,15,7,15,5,18,2,44,COMPLETE
89,0.021624819089033992,2026-03-27 16:00:05.183243,2026-03-27 16:00:20.489110,0 days 00:00:15.305867,10,13,15,9,19,3,18,1,63,COMPLETE
90,0.0,2026-03-27 16:00:20.489980,2026-03-27 16:00:28.373421,0 days 00:00:07.883441,9,11,15,21,17,17,18,2,78,COMPLETE
91,0.1777939610070379,2026-03-27 16:00:28.375099,2026-03-27 16:01:14.920612,0 days 00:00:46.545513,8,11,15,21,3,3,18,3,73,COMPLETE
92,0.17869676649877225,2026-03-27 16:01:14.921545,2026-03-27 16:02:05.816238,0 days 00:00:50.894693,9,11,9,21,3,3,10,4,69,COMPLETE
93,0.17831014574817786,2026-03-27 16:02:05.817111,2026-03-27 16:02:55.851505,0 days 00:00:50.034394,9,12,21,21,3,3,10,4,61,COMPLETE
94,0.17807493202591612,2026-03-27 16:02:55.852841,2026-03-27 16:03:55.558421,0 days 00:00:59.705580,9,10,21,21,3,3,10,5,36,COMPLETE
95,0.17832920414940442,2026-03-27 16:03:55.559249,2026-03-27 16:04:53.389794,0 days 00:00:57.830545,10,14,21,21,3,3,10,5,26,COMPLETE
96,0.17343937759908057,2026-03-27 16:04:53.390960,2026-03-27 16:05:49.517457,0 days 00:00:56.126497,10,15,21,17,3,3,10,5,29,COMPLETE
97,0.0,2026-03-27 16:05:49.518636,2026-03-27 16:05:58.818988,0 days 00:00:09.300352,10,14,21,21,21,19,10,6,24,COMPLETE
98,0.0,2026-03-27 16:05:58.819743,2026-03-27 16:06:11.404224,0 days 00:00:12.584481,9,14,21,21,5,21,10,5,33,COMPLETE
99,0.1751455848672615,2026-03-27 16:06:11.405060,2026-03-27 16:07:59.207160,0 days 00:01:47.802100,10,13,21,21,13,3,10,7,37,COMPLETE
