number,value,datetime_start,datetime_complete,duration,params_C,params_d_bilateral,params_d_gaussian,params_sigma,state
0,0.15331722751107243,2026-03-27 12:25:54.648060,2026-03-27 12:25:56.773774,0 days 00:00:02.125714,4,21,23,25,COMPLETE
1,0.04371799306926041,2026-03-27 12:25:56.774724,2026-03-27 12:25:57.256693,0 days 00:00:00.481969,0,7,5,53,COMPLETE
2,0.1540575703936774,2026-03-27 12:25:57.257900,2026-03-27 12:25:58.951184,0 days 00:00:01.693284,3,19,11,74,COMPLETE
3,0.12464587383656216,2026-03-27 12:25:58.951989,2026-03-27 12:25:59.342644,0 days 00:00:00.390655,5,3,17,129,COMPLETE
4,0.05329647089320312,2026-03-27 12:25:59.343503,2026-03-27 12:26:01.921705,0 days 00:00:02.578202,0,23,23,109,COMPLETE
5,0.14483858573758635,2026-03-27 12:26:01.923132,2026-03-27 12:26:02.473739,0 days 00:00:00.550607,4,7,11,135,COMPLETE
6,0.15161199711142567,2026-03-27 12:26:02.475489,2026-03-27 12:26:05.629331,0 days 00:00:03.153842,9,25,23,55,COMPLETE
7,0.08117734384729126,2026-03-27 12:26:05.630343,2026-03-27 12:26:07.287787,0 days 00:00:01.657444,2,17,5,84,COMPLETE
8,0.10555779394768125,2026-03-27 12:26:07.289251,2026-03-27 12:26:07.790145,0 days 00:00:00.500894,10,5,11,81,COMPLETE
9,0.12865719110732426,2026-03-27 12:26:07.790966,2026-03-27 12:26:08.653327,0 days 00:00:00.862361,3,5,9,37,COMPLETE
10,0.013465103516132464,2026-03-27 12:26:08.654930,2026-03-27 12:26:12.536639,0 days 00:00:03.881709,8,19,3,2,COMPLETE
11,0.12533112356874612,2026-03-27 12:26:12.537948,2026-03-27 12:26:16.716123,0 days 00:00:04.178175,7,21,29,2,COMPLETE
12,0.16970963803597414,2026-03-27 12:26:16.716898,2026-03-27 12:26:20.515025,0 days 00:00:03.798127,6,21,19,30,COMPLETE
13,0.16856524400222878,2026-03-27 12:26:20.515802,2026-03-27 12:26:22.396589,0 days 00:00:01.880787,6,13,19,94,COMPLETE
14,0.16598686248942923,2026-03-27 12:26:22.397695,2026-03-27 12:26:24.155463,0 days 00:00:01.757768,7,13,19,106,COMPLETE
15,0.16829308669798,2026-03-27 12:26:24.156810,2026-03-27 12:26:25.950500,0 days 00:00:01.793690,6,13,19,102,COMPLETE
16,0.15910073081296502,2026-03-27 12:26:25.951234,2026-03-27 12:26:27.449448,0 days 00:00:01.498214,6,11,15,150,COMPLETE
17,0.07494110009626685,2026-03-27 12:26:27.451643,2026-03-27 12:26:36.252971,0 days 00:00:08.801328,8,31,7,26,COMPLETE
18,0.17127291984784931,2026-03-27 12:26:36.253901,2026-03-27 12:26:38.578388,0 days 00:00:02.324487,5,15,19,63,COMPLETE
19,0.10269911343845096,2026-03-27 12:26:38.580400,2026-03-27 12:26:40.210117,0 days 00:00:01.629717,2,15,31,62,COMPLETE
20,0.1641483480440818,2026-03-27 12:26:40.211507,2026-03-27 12:26:41.406353,0 days 00:00:01.194846,5,15,21,36,COMPLETE
21,0.12492196884841485,2026-03-27 12:26:41.407395,2026-03-27 12:26:45.092403,0 days 00:00:03.685008,5,29,19,91,COMPLETE
22,0.14023609429982709,2026-03-27 12:26:45.094183,2026-03-27 12:26:48.415085,0 days 00:00:03.320902,6,27,19,70,COMPLETE
23,0.14978460907010893,2026-03-27 12:26:48.415936,2026-03-27 12:26:49.144247,0 days 00:00:00.728311,7,9,25,41,COMPLETE
24,0.15337286320943794,2026-03-27 12:26:49.145252,2026-03-27 12:26:51.252024,0 days 00:00:02.106772,4,21,13,18,COMPLETE
25,0.1725303776803789,2026-03-27 12:26:51.253332,2026-03-27 12:26:52.459053,0 days 00:00:01.205721,8,15,27,49,COMPLETE
26,0.1744614293748301,2026-03-27 12:26:52.460895,2026-03-27 12:26:53.636434,0 days 00:00:01.175539,9,15,27,49,COMPLETE
27,0.17446256533155105,2026-03-27 12:26:53.637425,2026-03-27 12:26:54.877111,0 days 00:00:01.239686,10,15,27,48,COMPLETE
28,0.17446256533155105,2026-03-27 12:26:54.878653,2026-03-27 12:26:56.136460,0 days 00:00:01.257807,10,15,27,48,COMPLETE
29,0.16120856454282145,2026-03-27 12:26:56.137761,2026-03-27 12:26:57.321278,0 days 00:00:01.183517,10,15,27,13,COMPLETE
30,0.17439347882634373,2026-03-27 12:26:57.322320,2026-03-27 12:26:58.524805,0 days 00:00:01.202485,9,15,27,44,COMPLETE
31,0.17445223471345406,2026-03-27 12:26:58.525535,2026-03-27 12:26:59.718032,0 days 00:00:01.192497,9,15,27,45,COMPLETE
32,0.17397372795554703,2026-03-27 12:26:59.719417,2026-03-27 12:27:01.024792,0 days 00:00:01.305375,9,15,27,58,COMPLETE
33,0.17446256533155105,2026-03-27 12:27:01.025793,2026-03-27 12:27:02.296847,0 days 00:00:01.271054,10,15,27,48,COMPLETE
34,0.14523001805953034,2026-03-27 12:27:02.297755,2026-03-27 12:27:02.735490,0 days 00:00:00.437735,10,3,27,17,COMPLETE
35,0.15122496752498565,2026-03-27 12:27:02.737670,2026-03-27 12:27:05.229756,0 days 00:00:02.492086,10,23,27,67,COMPLETE
36,0.13068136870511873,2026-03-27 12:27:05.230491,2026-03-27 12:27:06.378695,0 days 00:00:01.148204,10,15,17,51,COMPLETE
37,0.1518808712269214,2026-03-27 12:27:06.379368,2026-03-27 12:27:06.931684,0 days 00:00:00.552316,9,7,27,75,COMPLETE
38,0.17454829457849622,2026-03-27 12:27:06.932767,2026-03-27 12:27:09.718209,0 days 00:00:02.785442,8,25,27,33,COMPLETE
39,0.02545365711853297,2026-03-27 12:27:09.719148,2026-03-27 12:27:12.424509,0 days 00:00:02.705361,8,25,5,32,COMPLETE
40,0.0859537505769526,2026-03-27 12:27:12.425516,2026-03-27 12:27:15.143779,0 days 00:00:02.718263,10,25,9,20,COMPLETE
41,0.15840219635546565,2026-03-27 12:27:15.144541,2026-03-27 12:27:15.831923,0 days 00:00:00.687382,9,9,27,55,COMPLETE
42,0.17597401518919492,2026-03-27 12:27:15.832927,2026-03-27 12:27:17.501504,0 days 00:00:01.668577,9,17,27,41,COMPLETE
43,0.15753731739354726,2026-03-27 12:27:17.502600,2026-03-27 12:27:19.164230,0 days 00:00:01.661630,10,17,23,10,COMPLETE
44,0.005925723271715699,2026-03-27 12:27:19.165834,2026-03-27 12:27:22.065483,0 days 00:00:02.899649,8,25,3,38,COMPLETE
45,0.13091877579494665,2026-03-27 12:27:22.066611,2026-03-27 12:27:23.466044,0 days 00:00:01.399433,9,17,13,29,COMPLETE
46,0.17209979581155382,2026-03-27 12:27:23.466873,2026-03-27 12:27:24.899862,0 days 00:00:01.432989,10,17,29,24,COMPLETE
47,0.06631326740648036,2026-03-27 12:27:24.900871,2026-03-27 12:27:26.580845,0 days 00:00:01.679974,8,19,11,57,COMPLETE
48,0.15813994440166015,2026-03-27 12:27:26.582092,2026-03-27 12:27:27.392020,0 days 00:00:00.809928,7,11,15,33,COMPLETE
49,0.0015857727146704836,2026-03-27 12:27:27.392735,2026-03-27 12:27:31.633609,0 days 00:00:04.240874,10,31,7,80,COMPLETE
50,0.04732486476386121,2026-03-27 12:27:31.634417,2026-03-27 12:27:35.331117,0 days 00:00:03.696700,0,29,21,44,COMPLETE
51,0.14507941136393523,2026-03-27 12:27:35.332516,2026-03-27 12:27:35.842107,0 days 00:00:00.509591,9,5,27,51,COMPLETE
52,0.15434057977037907,2026-03-27 12:27:35.842951,2026-03-27 12:27:39.040584,0 days 00:00:03.197633,9,27,27,63,COMPLETE
53,0.17142717406108468,2026-03-27 12:27:39.042040,2026-03-27 12:27:40.278891,0 days 00:00:01.236851,9,15,31,47,COMPLETE
54,0.1351313298078053,2026-03-27 12:27:40.279894,2026-03-27 12:27:40.700549,0 days 00:00:00.420655,8,3,27,119,COMPLETE
55,0.169651234086622,2026-03-27 12:27:40.701426,2026-03-27 12:27:43.082613,0 days 00:00:02.381187,10,23,25,38,COMPLETE
56,0.15527262702419656,2026-03-27 12:27:43.084147,2026-03-27 12:27:43.623923,0 days 00:00:00.539776,10,7,27,25,COMPLETE
57,0.14254390250688284,2026-03-27 12:27:43.625252,2026-03-27 12:27:46.365312,0 days 00:00:02.740060,9,25,17,39,COMPLETE
58,0.17204856983686373,2026-03-27 12:27:46.366111,2026-03-27 12:27:47.539150,0 days 00:00:01.173039,8,15,27,69,COMPLETE
59,0.05166953646862419,2026-03-27 12:27:47.540051,2026-03-27 12:27:48.930944,0 days 00:00:01.390893,7,17,9,60,COMPLETE
60,0.07651043935857006,2026-03-27 12:27:48.931759,2026-03-27 12:27:50.031578,0 days 00:00:01.099819,3,15,5,54,COMPLETE
61,0.17439347882634373,2026-03-27 12:27:50.033269,2026-03-27 12:27:51.223632,0 days 00:00:01.190363,9,15,27,44,COMPLETE
62,0.1744468221069511,2026-03-27 12:27:51.224358,2026-03-27 12:27:52.424253,0 days 00:00:01.199895,9,15,27,47,COMPLETE
63,0.173782500719662,2026-03-27 12:27:52.425342,2026-03-27 12:27:53.608084,0 days 00:00:01.182742,10,15,27,31,COMPLETE
64,0.0027763124951218706,2026-03-27 12:27:53.609555,2026-03-27 12:27:54.532430,0 days 00:00:00.922875,9,13,3,42,COMPLETE
65,0.17506663517754023,2026-03-27 12:27:54.533364,2026-03-27 12:27:56.297361,0 days 00:00:01.763997,10,19,27,35,COMPLETE
66,0.1489621194693804,2026-03-27 12:27:56.298618,2026-03-27 12:27:58.250664,0 days 00:00:01.952046,10,19,29,6,COMPLETE
67,0.16787592271267895,2026-03-27 12:27:58.251636,2026-03-27 12:27:59.981653,0 days 00:00:01.730017,10,19,23,36,COMPLETE
68,0.16646106388759016,2026-03-27 12:27:59.982367,2026-03-27 12:28:01.767078,0 days 00:00:01.784711,8,19,27,21,COMPLETE
69,0.0518130316238858,2026-03-27 12:28:01.768489,2026-03-27 12:28:03.801965,0 days 00:00:02.033476,10,21,11,51,COMPLETE
70,0.14685146383819084,2026-03-27 12:28:03.802778,2026-03-27 12:28:04.621972,0 days 00:00:00.819194,9,11,15,28,COMPLETE
71,0.17441892787887914,2026-03-27 12:28:04.623492,2026-03-27 12:28:05.819124,0 days 00:00:01.195632,9,15,27,46,COMPLETE
72,0.13429358592386625,2026-03-27 12:28:05.820229,2026-03-27 12:28:10.073318,0 days 00:00:04.253089,10,31,27,65,COMPLETE
73,0.14502802262926556,2026-03-27 12:28:10.075433,2026-03-27 12:28:10.591974,0 days 00:00:00.516541,9,5,27,34,COMPLETE
74,0.16180137458521535,2026-03-27 12:28:10.593242,2026-03-27 12:28:11.230482,0 days 00:00:00.637240,10,9,27,41,COMPLETE
75,0.024067169957468326,2026-03-27 12:28:11.231586,2026-03-27 12:28:12.361262,0 days 00:00:01.129676,8,15,7,56,COMPLETE
76,0.035875283764017364,2026-03-27 12:28:12.362067,2026-03-27 12:28:16.063732,0 days 00:00:03.701665,9,29,13,72,COMPLETE
77,0.17187605294405295,2026-03-27 12:28:16.064666,2026-03-27 12:28:18.897005,0 days 00:00:02.832339,10,25,31,51,COMPLETE
78,0.1629167508817576,2026-03-27 12:28:18.897753,2026-03-27 12:28:20.296982,0 days 00:00:01.399229,10,17,21,15,COMPLETE
79,0.15775494298204332,2026-03-27 12:28:20.297968,2026-03-27 12:28:23.510194,0 days 00:00:03.212226,9,27,27,60,COMPLETE
80,0.1669248538654658,2026-03-27 12:28:23.511123,2026-03-27 12:28:24.675253,0 days 00:00:01.164130,8,15,25,23,COMPLETE
81,0.1744468221069511,2026-03-27 12:28:24.677224,2026-03-27 12:28:25.918748,0 days 00:00:01.241524,9,15,27,47,COMPLETE
82,0.1744335353573059,2026-03-27 12:28:25.919856,2026-03-27 12:28:27.061719,0 days 00:00:01.141863,9,15,27,48,COMPLETE
83,0.17466582835251704,2026-03-27 12:28:27.062372,2026-03-27 12:28:28.262234,0 days 00:00:01.199862,10,15,27,41,COMPLETE
84,0.17424034931274499,2026-03-27 12:28:28.263102,2026-03-27 12:28:29.438749,0 days 00:00:01.175647,10,15,27,34,COMPLETE
85,0.14525789877649,2026-03-27 12:28:29.439866,2026-03-27 12:28:29.867787,0 days 00:00:00.427921,10,3,27,41,COMPLETE
86,0.17437022084671544,2026-03-27 12:28:29.868580,2026-03-27 12:28:31.613506,0 days 00:00:01.744926,10,19,27,28,COMPLETE
87,0.16896987639656436,2026-03-27 12:28:31.614346,2026-03-27 12:28:33.995275,0 days 00:00:02.380929,4,23,17,37,COMPLETE
88,0.17469712008853577,2026-03-27 12:28:33.996576,2026-03-27 12:28:35.193289,0 days 00:00:01.196713,10,15,27,42,COMPLETE
89,0.027290908629473327,2026-03-27 12:28:35.194064,2026-03-27 12:28:37.886465,0 days 00:00:02.692401,10,25,9,54,COMPLETE
90,0.008472942342009173,2026-03-27 12:28:37.888481,2026-03-27 12:28:39.035982,0 days 00:00:01.147501,10,15,5,41,COMPLETE
91,0.17458846071675715,2026-03-27 12:28:39.036799,2026-03-27 12:28:40.201617,0 days 00:00:01.164818,10,15,27,44,COMPLETE
92,0.17390600598640912,2026-03-27 12:28:40.202682,2026-03-27 12:28:41.420587,0 days 00:00:01.217905,10,15,27,32,COMPLETE
93,0.1559991591488644,2026-03-27 12:28:41.421841,2026-03-27 12:28:41.965948,0 days 00:00:00.544107,10,7,27,150,COMPLETE
94,0.17418212490225252,2026-03-27 12:28:41.967069,2026-03-27 12:28:43.168897,0 days 00:00:01.201828,10,15,27,51,COMPLETE
95,0.17603377149695196,2026-03-27 12:28:43.169769,2026-03-27 12:28:44.580628,0 days 00:00:01.410859,9,17,27,43,COMPLETE
96,0.1662052526376851,2026-03-27 12:28:44.581379,2026-03-27 12:28:46.035971,0 days 00:00:01.454592,10,17,23,44,COMPLETE
97,0.175442381590077,2026-03-27 12:28:46.036595,2026-03-27 12:28:47.465961,0 days 00:00:01.429366,9,17,27,36,COMPLETE
98,0.13371856919026193,2026-03-27 12:28:47.467090,2026-03-27 12:28:48.801961,0 days 00:00:01.334871,1,17,3,35,COMPLETE
99,0.1725975382224012,2026-03-27 12:28:48.803291,2026-03-27 12:28:50.251939,0 days 00:00:01.448648,9,17,27,27,COMPLETE
