number,value,datetime_start,datetime_complete,duration,params_d_bilateral,params_d_closing,params_sigma_bilateral,params_sigma_canny,state
0,0.0015602148313711727,2026-04-09 02:40:50.089124,2026-04-09 02:40:51.146633,0 days 00:00:01.057509,13,21,143,0.5247564316322378,COMPLETE
1,0.09606005036134983,2026-04-09 02:40:51.147323,2026-04-09 02:40:52.608946,0 days 00:00:01.461623,15,31,43,0.8083973481164611,COMPLETE
2,0.09867680945316858,2026-04-09 02:40:52.609977,2026-04-09 02:40:53.650539,0 days 00:00:01.040562,11,27,14,0.8948273504276488,COMPLETE
3,0.0006009085971688539,2026-04-09 02:40:53.651478,2026-04-09 02:40:55.786395,0 days 00:00:02.134917,20,29,139,0.1987156815341724,COMPLETE
4,0.07391644382663119,2026-04-09 02:40:55.787349,2026-04-09 02:40:56.594117,0 days 00:00:00.806768,3,31,123,0.4722149251619493,COMPLETE
5,0.04458889356548178,2026-04-09 02:40:56.594902,2026-04-09 02:40:57.374398,0 days 00:00:00.779496,6,27,107,0.7555511385430487,COMPLETE
6,0.0878026392183143,2026-04-09 02:40:57.375147,2026-04-09 02:40:57.917903,0 days 00:00:00.542756,9,7,11,0.4271077886262563,COMPLETE
7,0.00017853996843561284,2026-04-09 02:40:57.918950,2026-04-09 02:41:00.932074,0 days 00:00:03.013124,26,25,129,0.30087830981676966,COMPLETE
8,0.08964172264297968,2026-04-09 02:41:00.933880,2026-04-09 02:41:01.786704,0 days 00:00:00.852824,11,19,5,0.6323058305935795,COMPLETE
9,0.017675528133535172,2026-04-09 02:41:01.787444,2026-04-09 02:41:04.056924,0 days 00:00:02.269480,21,31,80,0.13752094414599325,COMPLETE
10,0.06744615166438113,2026-04-09 02:41:04.058697,2026-04-09 02:41:08.129333,0 days 00:00:04.070636,30,27,45,0.9547796830251434,COMPLETE
11,0.04861948873569667,2026-04-09 02:41:08.130359,2026-04-09 02:41:09.347677,0 days 00:00:01.217318,16,3,37,0.9741481961863586,COMPLETE
12,0.08679130836594495,2026-04-09 02:41:09.348304,2026-04-09 02:41:10.733789,0 days 00:00:01.385485,15,23,46,0.7757183712887339,COMPLETE
13,0.12618406105523974,2026-04-09 02:41:10.735580,2026-04-09 02:41:12.451623,0 days 00:00:01.716043,19,13,27,0.801036939215106,COMPLETE
14,0.13052453483763163,2026-04-09 02:41:12.452479,2026-04-09 02:41:14.433517,0 days 00:00:01.981038,21,13,23,0.8881642025416268,COMPLETE
15,0.022410196886125364,2026-04-09 02:41:14.434622,2026-04-09 02:41:16.561525,0 days 00:00:02.126903,22,13,67,0.6526812002249809,COMPLETE
16,0.12413188861059633,2026-04-09 02:41:16.562565,2026-04-09 02:41:19.182533,0 days 00:00:02.619968,25,13,26,0.6529297500409784,COMPLETE
17,0.031000366223941655,2026-04-09 02:41:19.183579,2026-04-09 02:41:20.736031,0 days 00:00:01.552452,19,15,68,0.8767544024991507,COMPLETE
18,0.008741295766011674,2026-04-09 02:41:20.736973,2026-04-09 02:41:23.218198,0 days 00:00:02.481225,24,11,83,0.9984635887972175,COMPLETE
19,0.07782438929219597,2026-04-09 02:41:23.218827,2026-04-09 02:41:26.380925,0 days 00:00:03.162098,29,5,24,0.7300085197588606,COMPLETE
20,0.03984616135460939,2026-04-09 02:41:26.381813,2026-04-09 02:41:28.084568,0 days 00:00:01.702755,18,17,60,0.5873101566464495,COMPLETE
21,0.12114723246133445,2026-04-09 02:41:28.085394,2026-04-09 02:41:31.062729,0 days 00:00:02.977335,26,13,25,0.6859374084974095,COMPLETE
22,0.07842335743197466,2026-04-09 02:41:31.063714,2026-04-09 02:41:33.518562,0 days 00:00:02.454848,24,13,1,0.8525621710120783,COMPLETE
23,0.07183857620241711,2026-04-09 02:41:33.519249,2026-04-09 02:41:36.421808,0 days 00:00:02.902559,27,9,30,0.020913566483403923,COMPLETE
24,0.002932979691563446,2026-04-09 02:41:36.423193,2026-04-09 02:41:38.535309,0 days 00:00:02.112116,23,13,94,0.5769491738896777,COMPLETE
25,0.04545134093982479,2026-04-09 02:41:38.536708,2026-04-09 02:41:40.046392,0 days 00:00:01.509684,18,13,52,0.3541351660545484,COMPLETE
26,0.12167102693330532,2026-04-09 02:41:40.047305,2026-04-09 02:41:43.360796,0 days 00:00:03.313491,28,13,18,0.8421381315914602,COMPLETE
27,0.09881268591590761,2026-04-09 02:41:43.361862,2026-04-09 02:41:47.152590,0 days 00:00:03.790728,31,13,33,0.7113980104095192,COMPLETE
28,0.038520658974252706,2026-04-09 02:41:47.153395,2026-04-09 02:41:48.967838,0 days 00:00:01.814443,21,9,54,0.9026571487153403,COMPLETE
29,0.1322210833440851,2026-04-09 02:41:48.968541,2026-04-09 02:41:51.626531,0 days 00:00:02.657990,25,21,22,0.5565736426455501,COMPLETE
30,0.083460996883876,2026-04-09 02:41:51.627198,2026-04-09 02:41:52.172165,0 days 00:00:00.544967,14,21,0,0.5189480286576083,COMPLETE
31,0.13228204215377462,2026-04-09 02:41:52.172944,2026-04-09 02:41:58.452835,0 days 00:00:06.279891,25,21,20,0.5808378517864029,COMPLETE
32,0.12132362064878831,2026-04-09 02:41:58.454345,2026-04-09 02:42:06.084091,0 days 00:00:07.629746,23,21,16,0.40862723367826764,COMPLETE
33,0.0976376453832226,2026-04-09 02:42:06.085198,2026-04-09 02:42:09.611692,0 days 00:00:03.526494,17,21,42,0.7846476869363737,COMPLETE
34,0.10644077795284977,2026-04-09 02:42:09.612925,2026-04-09 02:42:13.995940,0 days 00:00:04.383015,20,21,11,0.5790209874220037,COMPLETE
35,0.12553980273690782,2026-04-09 02:42:13.997051,2026-04-09 02:42:19.750907,0 days 00:00:05.753856,22,29,20,0.9203046787445399,COMPLETE
36,0.11047205772191136,2026-04-09 02:42:19.751591,2026-04-09 02:42:26.371763,0 days 00:00:06.620172,28,21,31,0.47766084197584774,COMPLETE
37,0.08338125596217141,2026-04-09 02:42:26.372828,2026-04-09 02:42:28.709412,0 days 00:00:02.336584,12,7,10,0.8025735789080941,COMPLETE
38,0.08291590763437132,2026-04-09 02:42:28.710271,2026-04-09 02:42:34.073759,0 days 00:00:05.363488,25,25,38,0.2816456915064111,COMPLETE
39,0.0965930881501829,2026-04-09 02:42:34.074920,2026-04-09 02:42:38.119612,0 days 00:00:04.044692,20,19,8,0.5406776664715854,COMPLETE
40,0.03259214575282364,2026-04-09 02:42:38.121363,2026-04-09 02:42:44.894418,0 days 00:00:06.773055,27,11,52,0.42308452190282403,COMPLETE
41,0.1337895641532349,2026-04-09 02:42:44.896938,2026-04-09 02:42:50.484913,0 days 00:00:05.587975,22,15,21,0.9417916604037854,COMPLETE
42,0.12944835777946218,2026-04-09 02:42:50.487384,2026-04-09 02:42:55.360356,0 days 00:00:04.872972,23,15,19,0.8538107981686799,COMPLETE
43,0.12455755372450163,2026-04-09 02:42:55.361202,2026-04-09 02:42:59.676482,0 days 00:00:04.315280,23,15,17,0.9445692618761912,COMPLETE
44,0.09479539668773752,2026-04-09 02:42:59.677750,2026-04-09 02:43:04.901814,0 days 00:00:05.224064,25,15,38,0.8451729468022212,COMPLETE
45,0.0009423374884529041,2026-04-09 02:43:04.902426,2026-04-09 02:43:08.946699,0 days 00:00:04.044273,21,15,115,0.739575206108024,COMPLETE
46,0.0,2026-04-09 02:43:08.947531,2026-04-09 02:43:13.482935,0 days 00:00:04.535404,22,3,142,0.9024413306740012,COMPLETE
47,0.03541854211988957,2026-04-09 02:43:13.483821,2026-04-09 02:43:14.863951,0 days 00:00:01.380130,6,15,149,0.9469976526314211,COMPLETE
48,0.0888357522905665,2026-04-09 02:43:14.864977,2026-04-09 02:43:19.809275,0 days 00:00:04.944298,24,23,6,0.618156395169302,COMPLETE
49,0.12714660449440363,2026-04-09 02:43:19.809956,2026-04-09 02:43:26.584871,0 days 00:00:06.774915,27,31,21,0.9807486287068817,COMPLETE
50,0.11755972721736753,2026-04-09 02:43:26.585579,2026-04-09 02:43:32.933934,0 days 00:00:06.348355,29,15,14,0.6855260255237398,COMPLETE
51,0.12714245272540753,2026-04-09 02:43:32.936177,2026-04-09 02:43:39.633975,0 days 00:00:06.697798,26,31,23,0.995234184539363,COMPLETE
52,0.11185243321916939,2026-04-09 02:43:39.634684,2026-04-09 02:43:45.625569,0 days 00:00:05.990885,26,27,34,0.8729763783129247,COMPLETE
53,0.12606600574558904,2026-04-09 02:43:45.626473,2026-04-09 02:43:50.959570,0 days 00:00:05.333097,24,31,21,0.9382848558101077,COMPLETE
54,0.04061859282076353,2026-04-09 02:43:50.961051,2026-04-09 02:43:56.241425,0 days 00:00:05.280374,27,5,44,0.8332232930723854,COMPLETE
55,0.13164283529865684,2026-04-09 02:43:56.242697,2026-04-09 02:44:01.000037,0 days 00:00:04.757340,20,17,26,0.9785649246729714,COMPLETE
56,0.12969609899857254,2026-04-09 02:44:01.002279,2026-04-09 02:44:04.592965,0 days 00:00:03.590686,19,17,29,0.7700682535635358,COMPLETE
57,0.12957483595593355,2026-04-09 02:44:04.595778,2026-04-09 02:44:08.193594,0 days 00:00:03.597816,16,17,28,0.7568505208628927,COMPLETE
58,0.093743948213129,2026-04-09 02:44:08.195933,2026-04-09 02:44:11.347589,0 days 00:00:03.151656,19,17,6,0.4621402225682101,COMPLETE
59,0.10477018164169986,2026-04-09 02:44:11.348573,2026-04-09 02:44:14.902482,0 days 00:00:03.553909,18,17,38,0.9009642781098696,COMPLETE
60,0.03733970644404499,2026-04-09 02:44:14.903487,2026-04-09 02:44:19.259911,0 days 00:00:04.356424,21,17,59,0.5406694656517838,COMPLETE
61,0.12649556439856136,2026-04-09 02:44:19.260601,2026-04-09 02:44:22.104663,0 days 00:00:02.844062,16,17,30,0.750162964412024,COMPLETE
62,0.12722019202391668,2026-04-09 02:44:22.106951,2026-04-09 02:44:24.690465,0 days 00:00:02.583514,15,17,29,0.8229387514564452,COMPLETE
63,0.1243948730534762,2026-04-09 02:44:24.691826,2026-04-09 02:44:27.915984,0 days 00:00:03.224158,17,29,26,0.657653971167635,COMPLETE
64,0.1211227099823415,2026-04-09 02:44:27.917054,2026-04-09 02:44:32.263740,0 days 00:00:04.346686,20,17,15,0.771969314199782,COMPLETE
65,0.07764038789494543,2026-04-09 02:44:32.266060,2026-04-09 02:44:35.322186,0 days 00:00:03.056126,16,21,47,0.6863515131047677,COMPLETE
66,0.012265802862062782,2026-04-09 02:44:35.323686,2026-04-09 02:44:38.550610,0 days 00:00:03.226924,19,17,88,0.6032603032835321,COMPLETE
67,0.08593130529475798,2026-04-09 02:44:38.552003,2026-04-09 02:44:42.966688,0 days 00:00:04.414685,22,7,12,0.870827857260958,COMPLETE
68,0.11260172305909358,2026-04-09 02:44:42.967705,2026-04-09 02:44:45.612463,0 days 00:00:02.644758,13,25,34,0.7126254563330385,COMPLETE
69,0.13209925634317218,2026-04-09 02:44:45.613936,2026-04-09 02:44:50.175533,0 days 00:00:04.561597,18,21,26,0.9665663786172227,COMPLETE
70,0.07865086416466797,2026-04-09 02:44:50.176275,2026-04-09 02:44:54.967498,0 days 00:00:04.791223,18,21,3,0.9665261157075192,COMPLETE
71,0.13377043019002624,2026-04-09 02:44:54.969180,2026-04-09 02:44:59.465887,0 days 00:00:04.496707,17,21,24,0.9223301528925818,COMPLETE
72,0.132641989703278,2026-04-09 02:44:59.467675,2026-04-09 02:45:03.824201,0 days 00:00:04.356526,19,21,24,0.9268631977654985,COMPLETE
73,0.12877828305552635,2026-04-09 02:45:03.826662,2026-04-09 02:45:08.370537,0 days 00:00:04.543875,21,21,24,0.930783462107054,COMPLETE
74,0.09855581444327988,2026-04-09 02:45:08.372175,2026-04-09 02:45:12.003340,0 days 00:00:03.631165,17,21,42,0.9128694362200309,COMPLETE
75,0.11891772693188861,2026-04-09 02:45:12.004057,2026-04-09 02:45:17.843477,0 days 00:00:05.839420,22,21,16,0.9617096902446178,COMPLETE
76,0.09511241707287756,2026-04-09 02:45:17.844912,2026-04-09 02:45:22.161140,0 days 00:00:04.316228,18,21,10,0.9916155778672385,COMPLETE
77,0.022254469835988718,2026-04-09 02:45:22.162144,2026-04-09 02:45:26.000072,0 days 00:00:03.837928,20,19,71,0.1848987975553109,COMPLETE
78,0.11700805778866824,2026-04-09 02:45:26.001280,2026-04-09 02:45:31.774704,0 days 00:00:05.773424,25,21,34,0.8834023218367966,COMPLETE
79,0.004809119684706993,2026-04-09 02:45:31.775688,2026-04-09 02:45:34.149033,0 days 00:00:02.373345,14,3,101,0.38451740925217837,COMPLETE
80,0.10369234478263119,2026-04-09 02:45:34.150349,2026-04-09 02:45:37.848298,0 days 00:00:03.697949,20,9,24,0.9234660216043121,COMPLETE
81,0.12371737218347832,2026-04-09 02:45:37.849602,2026-04-09 02:45:41.806140,0 days 00:00:03.956538,19,11,20,0.8081291814672218,COMPLETE
82,0.12922778558374085,2026-04-09 02:45:41.808178,2026-04-09 02:45:47.423312,0 days 00:00:05.615134,19,21,27,0.9461490810360629,COMPLETE
83,0.10513685750057007,2026-04-09 02:45:47.424416,2026-04-09 02:45:55.597791,0 days 00:00:08.173375,24,23,13,0.9741369702451643,COMPLETE
84,0.10156351831739541,2026-04-09 02:45:55.598844,2026-04-09 02:46:01.636180,0 days 00:00:06.037336,21,21,39,0.8612921471675941,COMPLETE
85,0.00047483089192185113,2026-04-09 02:46:01.639224,2026-04-09 02:46:08.547631,0 days 00:00:06.908407,23,21,129,0.8951903624904588,COMPLETE
86,0.11794036496159341,2026-04-09 02:46:08.549325,2026-04-09 02:46:13.595376,0 days 00:00:05.046051,18,27,18,0.9974426727790904,COMPLETE
87,0.06415551845158665,2026-04-09 02:46:13.597103,2026-04-09 02:46:16.721091,0 days 00:00:03.123988,16,5,33,0.9222244548081826,COMPLETE
88,0.12548673226763526,2026-04-09 02:46:16.722599,2026-04-09 02:46:19.512021,0 days 00:00:02.789422,17,13,23,0.5541612127437691,COMPLETE
89,0.07389774904396003,2026-04-09 02:46:19.512874,2026-04-09 02:46:24.537375,0 days 00:00:05.024501,19,21,49,0.9623240352440159,COMPLETE
90,0.12410615155246568,2026-04-09 02:46:24.538327,2026-04-09 02:46:29.845040,0 days 00:00:05.306713,20,29,30,0.7883662028462869,COMPLETE
91,0.12147236396792374,2026-04-09 02:46:29.846013,2026-04-09 02:46:32.895832,0 days 00:00:03.049819,14,17,27,0.502209618701649,COMPLETE
92,0.11119447682014325,2026-04-09 02:46:32.896702,2026-04-09 02:46:35.796449,0 days 00:00:02.899747,15,17,28,0.04212814506727175,COMPLETE
93,0.09232420855084054,2026-04-09 02:46:35.798583,2026-04-09 02:46:38.604742,0 days 00:00:02.806159,16,7,21,0.8313329209982199,COMPLETE
94,0.10963103322980351,2026-04-09 02:46:38.605584,2026-04-09 02:46:41.920246,0 days 00:00:03.314662,17,25,35,0.6453671747496453,COMPLETE
95,0.09686763674229806,2026-04-09 02:46:41.921693,2026-04-09 02:46:45.467791,0 days 00:00:03.546098,18,17,41,0.8853133316629326,COMPLETE
96,0.12340861400405961,2026-04-09 02:46:45.469289,2026-04-09 02:46:49.983876,0 days 00:00:04.514587,21,21,17,0.942393491260914,COMPLETE
97,0.09003057669189093,2026-04-09 02:46:49.986009,2026-04-09 02:46:54.679441,0 days 00:00:04.693432,22,19,8,0.9104597316668203,COMPLETE
98,0.11359166859540913,2026-04-09 02:46:54.680243,2026-04-09 02:46:56.601532,0 days 00:00:01.921289,10,13,30,0.7668244555960869,COMPLETE
99,0.10163122330335186,2026-04-09 02:46:56.602390,2026-04-09 02:46:59.198751,0 days 00:00:02.596361,15,9,13,0.8606274935076672,COMPLETE
