number,value,datetime_start,datetime_complete,duration,params_C,params_d_bilateral,params_d_gap_erosion,params_d_gaussian,params_n_bgd_points,params_n_fgd_points,params_sigma_bilateral,state
0,0.04869014802217445,2026-04-09 10:06:16.501674,2026-04-09 10:07:02.525021,0 days 00:00:46.023347,8,13,13,19,583,864,143,COMPLETE
1,0.04802340655385583,2026-04-09 10:07:02.525809,2026-04-09 10:07:52.295608,0 days 00:00:49.769799,0,20,3,5,370,1094,25,COMPLETE
2,0.048789854657275415,2026-04-09 10:07:52.297970,2026-04-09 10:08:32.816611,0 days 00:00:40.518641,9,14,19,15,232,717,40,COMPLETE
3,0.048341549051137855,2026-04-09 10:08:32.817732,2026-04-09 10:09:06.171412,0 days 00:00:33.353680,8,6,7,25,154,458,107,COMPLETE
4,0.04867139136019987,2026-04-09 10:09:06.174259,2026-04-09 10:10:12.081879,0 days 00:01:05.907620,3,26,3,25,1944,728,135,COMPLETE
5,0.048641564769778274,2026-04-09 10:10:12.084002,2026-04-09 10:10:57.817676,0 days 00:00:45.733674,1,29,19,5,1182,82,36,COMPLETE
6,0.049535258156481715,2026-04-09 10:10:57.819496,2026-04-09 10:12:07.587501,0 days 00:01:09.768005,10,12,9,21,1560,1775,17,COMPLETE
7,0.048600199444452895,2026-04-09 10:12:07.588569,2026-04-09 10:13:15.707112,0 days 00:01:08.118543,7,18,3,29,1263,1785,104,COMPLETE
8,0.05726144941588914,2026-04-09 10:13:15.708795,2026-04-09 10:13:53.117040,0 days 00:00:37.408245,10,30,5,11,195,1141,144,COMPLETE
9,0.0593802084309144,2026-04-09 10:13:53.118059,2026-04-09 10:14:39.711293,0 days 00:00:46.593234,9,26,7,3,1182,574,122,COMPLETE
10,0.05490560626794191,2026-04-09 10:14:39.712308,2026-04-09 10:15:21.062441,0 days 00:00:41.350133,5,23,21,3,761,46,71,COMPLETE
11,0.04947086599994633,2026-04-09 10:15:21.063663,2026-04-09 10:16:12.421569,0 days 00:00:51.357906,6,31,5,11,893,1258,118,COMPLETE
12,0.059279202140087466,2026-04-09 10:16:12.423417,2026-04-09 10:17:03.258587,0 days 00:00:50.835170,10,26,15,3,1431,1395,80,COMPLETE
13,0.05447086518283846,2026-04-09 10:17:03.261240,2026-04-09 10:17:56.499866,0 days 00:00:53.238626,4,24,15,3,1544,1495,75,COMPLETE
14,0.04859136745085231,2026-04-09 10:17:56.502684,2026-04-09 10:18:52.222199,0 days 00:00:55.719515,10,21,15,31,1518,450,91,COMPLETE
15,0.0490578835190727,2026-04-09 10:18:52.224104,2026-04-09 10:20:08.679437,0 days 00:01:16.455333,8,26,7,27,1997,1455,52,COMPLETE
16,0.048588310662181715,2026-04-09 10:20:08.680559,2026-04-09 10:21:00.749190,0 days 00:00:52.068631,6,27,11,23,1165,387,60,COMPLETE
17,0.04964244031383142,2026-04-09 10:21:00.750556,2026-04-09 10:21:57.886706,0 days 00:00:57.136150,9,7,7,7,1732,1955,91,COMPLETE
18,0.048849352167845264,2026-04-09 10:21:57.888001,2026-04-09 10:22:59.689429,0 days 00:01:01.801428,3,17,17,3,1310,1444,4,COMPLETE
19,0.05457853936321133,2026-04-09 10:22:59.690295,2026-04-09 10:23:44.606546,0 days 00:00:44.916251,7,22,15,9,974,879,127,COMPLETE
20,0.05059348773889959,2026-04-09 10:23:44.615639,2026-04-09 10:24:31.887363,0 days 00:00:47.271724,9,28,9,13,673,633,88,COMPLETE
21,0.048160419410174404,2026-04-09 10:24:31.888770,2026-04-09 10:25:07.327753,0 days 00:00:35.438983,10,31,5,11,25,1200,149,COMPLETE
22,0.051517233685972295,2026-04-09 10:25:07.336096,2026-04-09 10:25:56.614041,0 days 00:00:49.277945,10,25,5,17,1079,987,123,COMPLETE
23,0.0583433202853551,2026-04-09 10:25:56.615959,2026-04-09 10:26:49.068994,0 days 00:00:52.453035,9,29,11,3,1397,1293,111,COMPLETE
24,0.058799399051744305,2026-04-09 10:26:49.070524,2026-04-09 10:27:40.703171,0 days 00:00:51.632647,7,28,11,3,1401,1608,107,COMPLETE
25,0.05561257296606271,2026-04-09 10:27:40.705942,2026-04-09 10:28:30.814374,0 days 00:00:50.108432,7,19,11,3,1714,1639,100,COMPLETE
26,0.05837268149325116,2026-04-09 10:28:30.815520,2026-04-09 10:29:19.397586,0 days 00:00:48.582066,8,24,13,3,1350,1627,74,COMPLETE
27,0.05870571380882625,2026-04-09 10:29:19.398462,2026-04-09 10:29:59.971221,0 days 00:00:40.572759,6,16,17,3,923,309,132,COMPLETE
28,0.04864992916158864,2026-04-09 10:29:59.972402,2026-04-09 10:31:05.385763,0 days 00:01:05.413361,7,3,21,7,1464,1976,81,COMPLETE
29,0.05031129696937282,2026-04-09 10:31:05.386866,2026-04-09 10:32:13.426968,0 days 00:01:08.040102,8,27,13,17,1748,972,98,COMPLETE
30,0.05003763026889642,2026-04-09 10:32:13.435675,2026-04-09 10:33:10.310488,0 days 00:00:56.874813,9,22,11,19,1098,1361,115,COMPLETE
31,0.058526208403297975,2026-04-09 10:33:10.311659,2026-04-09 10:33:49.576478,0 days 00:00:39.264819,6,15,17,3,875,201,133,COMPLETE
32,0.059115151264021316,2026-04-09 10:33:49.578051,2026-04-09 10:34:22.942744,0 days 00:00:33.364693,5,12,17,3,446,260,137,COMPLETE
33,0.048541521484154256,2026-04-09 10:34:22.943858,2026-04-09 10:35:03.917955,0 days 00:00:40.974097,5,11,17,15,459,565,139,COMPLETE
34,0.05746379725620031,2026-04-09 10:35:03.926482,2026-04-09 10:35:38.975841,0 days 00:00:35.049359,5,10,7,3,577,240,122,COMPLETE
35,0.04884558123612417,2026-04-09 10:35:38.977331,2026-04-09 10:36:35.335035,0 days 00:00:56.357704,4,9,15,9,1660,826,62,COMPLETE
36,0.048070880503426915,2026-04-09 10:36:35.336660,2026-04-09 10:37:28.735093,0 days 00:00:53.398433,8,20,19,31,373,1600,110,COMPLETE
37,0.047087302363362254,2026-04-09 10:37:28.736034,2026-04-09 10:38:20.108750,0 days 00:00:51.372716,0,13,7,21,1226,627,127,COMPLETE
38,0.05390730782718954,2026-04-09 10:38:20.109898,2026-04-09 10:39:18.898771,0 days 00:00:58.788873,4,28,3,5,1871,1082,143,COMPLETE
39,0.04841675429446053,2026-04-09 10:39:18.901269,2026-04-09 10:40:01.869324,0 days 00:00:42.968055,9,14,11,29,1079,144,102,COMPLETE
40,0.048555279735410704,2026-04-09 10:40:01.870813,2026-04-09 10:41:05.669802,0 days 00:01:03.798989,2,8,17,25,1403,1805,39,COMPLETE
41,0.058697846788872854,2026-04-09 10:41:05.672206,2026-04-09 10:41:46.985023,0 days 00:00:41.312817,6,16,17,3,934,287,132,COMPLETE
42,0.05854666328174915,2026-04-09 10:41:46.986542,2026-04-09 10:42:25.091941,0 days 00:00:38.105399,6,12,17,3,804,383,149,COMPLETE
43,0.06026550998206775,2026-04-09 10:42:25.094393,2026-04-09 10:43:01.236712,0 days 00:00:36.142319,7,18,9,3,563,324,135,COMPLETE
44,0.048304716218372484,2026-04-09 10:43:01.237986,2026-04-09 10:43:37.045424,0 days 00:00:35.807438,7,5,9,27,314,527,117,COMPLETE
45,0.05447135414802195,2026-04-09 10:43:37.046643,2026-04-09 10:44:14.879070,0 days 00:00:37.832427,8,25,9,13,493,9,140,COMPLETE
46,0.048225819680428654,2026-04-09 10:44:14.880446,2026-04-09 10:45:00.083094,0 days 00:00:45.202648,10,30,15,23,692,104,83,COMPLETE
47,0.05366939590505151,2026-04-09 10:45:00.084669,2026-04-09 10:45:32.395008,0 days 00:00:32.310339,5,23,9,3,102,376,109,COMPLETE
48,0.04856619396007537,2026-04-09 10:45:32.396037,2026-04-09 10:46:31.837036,0 days 00:00:59.440999,9,19,19,19,1595,743,126,COMPLETE
49,0.04875075355843962,2026-04-09 10:46:31.839808,2026-04-09 10:47:27.063851,0 days 00:00:55.224043,7,27,21,15,1279,481,66,COMPLETE
50,0.06156535403656393,2026-04-09 10:47:27.064956,2026-04-09 10:48:02.566594,0 days 00:00:35.501638,8,25,7,3,289,1851,137,COMPLETE
51,0.06187175559763435,2026-04-09 10:48:02.568926,2026-04-09 10:48:40.399310,0 days 00:00:37.830384,8,25,7,3,466,1739,138,COMPLETE
52,0.060260439117301876,2026-04-09 10:48:40.400082,2026-04-09 10:49:15.049490,0 days 00:00:34.649408,8,25,7,3,233,1725,137,COMPLETE
53,0.04963787217311514,2026-04-09 10:49:15.058329,2026-04-09 10:49:53.011120,0 days 00:00:37.952791,10,25,7,3,307,1884,28,COMPLETE
54,0.04820399964098628,2026-04-09 10:49:53.012562,2026-04-09 10:50:39.297606,0 days 00:00:46.285044,9,23,7,21,196,1721,144,COMPLETE
55,0.049022614258879826,2026-04-09 10:50:39.300058,2026-04-09 10:51:19.837737,0 days 00:00:40.537679,8,26,7,5,103,1866,53,COMPLETE
56,0.06050654291174918,2026-04-09 10:51:19.839229,2026-04-09 10:51:54.648026,0 days 00:00:34.808797,9,22,7,3,260,1527,147,COMPLETE
57,0.047880961265184964,2026-04-09 10:51:54.648935,2026-04-09 10:52:50.581487,0 days 00:00:55.932552,8,21,7,29,272,1704,147,COMPLETE
58,0.06151598472799176,2026-04-09 10:52:50.583550,2026-04-09 10:53:29.733662,0 days 00:00:39.150112,9,24,7,3,548,1893,137,COMPLETE
59,0.049525451433557285,2026-04-09 10:53:29.734719,2026-04-09 10:54:32.330549,0 days 00:01:02.595830,9,24,7,25,593,1906,137,COMPLETE
60,0.06114938011113625,2026-04-09 10:54:32.331678,2026-04-09 10:55:09.072927,0 days 00:00:36.741249,8,22,7,3,371,1554,129,COMPLETE
61,0.06092030640575551,2026-04-09 10:55:09.073852,2026-04-09 10:55:45.564250,0 days 00:00:36.490398,8,22,7,3,369,1523,150,COMPLETE
62,0.06102182166607441,2026-04-09 10:55:45.565835,2026-04-09 10:56:21.469538,0 days 00:00:35.903703,8,22,7,3,378,1482,144,COMPLETE
63,0.06068502890836664,2026-04-09 10:56:21.470443,2026-04-09 10:56:56.972002,0 days 00:00:35.501559,8,21,7,3,416,1527,145,COMPLETE
64,0.06056525711086202,2026-04-09 10:56:56.974887,2026-04-09 10:57:32.758919,0 days 00:00:35.784032,8,21,7,3,377,1552,128,COMPLETE
65,0.05664212040157346,2026-04-09 10:57:32.760323,2026-04-09 10:58:09.159726,0 days 00:00:36.399403,8,20,7,11,429,1805,150,COMPLETE
66,0.05839406714973297,2026-04-09 10:58:09.161566,2026-04-09 10:58:46.413798,0 days 00:00:37.252232,7,22,7,7,514,1347,142,COMPLETE
67,0.04848668567708658,2026-04-09 10:58:46.415066,2026-04-09 10:59:46.510027,0 days 00:01:00.094961,8,24,7,31,665,1430,132,COMPLETE
68,0.04794130003435476,2026-04-09 10:59:46.511200,2026-04-09 11:00:42.272994,0 days 00:00:55.761794,9,23,7,27,134,1661,144,COMPLETE
69,0.048555835957385336,2026-04-09 11:00:42.274183,2026-04-09 11:01:36.014206,0 days 00:00:53.740023,7,21,7,17,343,1489,121,COMPLETE
70,0.04696221048024834,2026-04-09 11:01:36.016513,2026-04-09 11:02:05.734456,0 days 00:00:29.717943,10,19,3,3,15,1261,130,COMPLETE
71,0.06047770703142444,2026-04-09 11:02:05.735464,2026-04-09 11:02:40.803579,0 days 00:00:35.068115,8,21,7,3,398,1535,127,COMPLETE
72,0.060533072865297,2026-04-09 11:02:40.807571,2026-04-09 11:03:15.746241,0 days 00:00:34.938670,8,20,7,3,374,1570,140,COMPLETE
73,0.06114205509326046,2026-04-09 11:03:15.747310,2026-04-09 11:03:55.518963,0 days 00:00:39.771653,8,23,7,3,634,1773,115,COMPLETE
74,0.04883545506722708,2026-04-09 11:03:55.520155,2026-04-09 11:05:00.072252,0 days 00:01:04.552097,7,26,13,23,523,1996,115,COMPLETE
75,0.057262005980463666,2026-04-09 11:05:00.074147,2026-04-09 11:05:39.728276,0 days 00:00:39.654129,8,23,7,9,629,1776,145,COMPLETE
76,0.06066305784734318,2026-04-09 11:05:39.730955,2026-04-09 11:06:20.983036,0 days 00:00:41.252081,9,24,7,3,757,1824,135,COMPLETE
77,0.05935854155297985,2026-04-09 11:06:20.985516,2026-04-09 11:06:54.185707,0 days 00:00:33.200191,7,22,5,3,176,1940,150,COMPLETE
78,0.06240123783468364,2026-04-09 11:06:54.188436,2026-04-09 11:07:32.977351,0 days 00:00:38.788915,9,27,7,3,472,1657,123,COMPLETE
79,0.05308113455149094,2026-04-09 11:07:32.978695,2026-04-09 11:08:13.221138,0 days 00:00:40.242443,9,26,7,13,481,1655,122,COMPLETE
80,0.053132432206100484,2026-04-09 11:08:13.222218,2026-04-09 11:09:10.942512,0 days 00:00:57.720294,10,27,21,19,733,1745,96,COMPLETE
81,0.06169981528228704,2026-04-09 11:09:10.943345,2026-04-09 11:09:48.521009,0 days 00:00:37.577664,8,24,7,3,439,1854,142,COMPLETE
82,0.06071907373577176,2026-04-09 11:09:48.522623,2026-04-09 11:10:28.529982,0 days 00:00:40.007359,9,29,7,3,534,1844,140,COMPLETE
83,0.06141368030028844,2026-04-09 11:10:28.530968,2026-04-09 11:11:04.597237,0 days 00:00:36.066269,8,25,7,3,318,1922,130,COMPLETE
84,0.06164801512181517,2026-04-09 11:11:04.598794,2026-04-09 11:11:41.128505,0 days 00:00:36.529711,9,25,7,3,311,1918,123,COMPLETE
85,0.06167286584477331,2026-04-09 11:11:41.130086,2026-04-09 11:12:17.354228,0 days 00:00:36.224142,9,25,7,3,294,1898,124,COMPLETE
86,0.06192600914666102,2026-04-09 11:12:17.356258,2026-04-09 11:12:54.160863,0 days 00:00:36.804605,9,27,19,3,311,1940,124,COMPLETE
87,0.04983439181994111,2026-04-09 11:12:54.162069,2026-04-09 11:13:35.898809,0 days 00:00:41.736740,9,28,19,15,303,1924,118,COMPLETE
88,0.06031182743853222,2026-04-09 11:13:35.900387,2026-04-09 11:14:13.035327,0 days 00:00:37.134940,10,30,19,3,204,1961,125,COMPLETE
89,0.04983497264246501,2026-04-09 11:14:13.037144,2026-04-09 11:14:48.778411,0 days 00:00:35.741267,9,27,3,11,83,1874,105,COMPLETE
90,0.05026549540709108,2026-04-09 11:14:48.780854,2026-04-09 11:15:37.336131,0 days 00:00:48.555277,10,25,19,21,261,1999,120,COMPLETE
91,0.06208630569065616,2026-04-09 11:15:37.338662,2026-04-09 11:16:15.656259,0 days 00:00:38.317597,9,26,7,3,455,1686,131,COMPLETE
92,0.061944630314725274,2026-04-09 11:16:15.657378,2026-04-09 11:16:53.328964,0 days 00:00:37.671586,9,25,13,3,456,1686,132,COMPLETE
93,0.06209639020419891,2026-04-09 11:16:53.329785,2026-04-09 11:17:33.168614,0 days 00:00:39.838829,9,29,13,5,455,1834,112,COMPLETE
94,0.05195212556714482,2026-04-09 11:17:33.171441,2026-04-09 11:18:29.941033,0 days 00:00:56.769592,10,30,13,25,454,1694,112,COMPLETE
95,0.04988286520397184,2026-04-09 11:18:29.942983,2026-04-09 11:19:14.066438,0 days 00:00:44.123455,9,28,13,17,472,1841,124,COMPLETE
96,0.0601361289795467,2026-04-09 11:19:14.067491,2026-04-09 11:19:50.961936,0 days 00:00:36.894445,9,29,13,5,235,1760,134,COMPLETE
97,0.049364585895031045,2026-04-09 11:19:50.963843,2026-04-09 11:20:52.980448,0 days 00:01:02.016605,9,26,13,29,599,1672,119,COMPLETE
98,0.06268495966709628,2026-04-09 11:20:52.981766,2026-04-09 11:21:32.427149,0 days 00:00:39.445383,10,27,13,5,438,1804,112,COMPLETE
99,0.06205452455972732,2026-04-09 11:21:32.428581,2026-04-09 11:22:12.613474,0 days 00:00:40.184893,10,31,13,5,438,1617,114,COMPLETE
