number,value,datetime_start,datetime_complete,duration,params_C,params_d_gap_erosion,params_d_gaussian,params_n_bgd_points,params_n_fgd_points,state
0,0.14661383556743923,2026-04-09 11:22:12.634991,2026-04-09 11:23:00.642116,0 days 00:00:48.007125,4,17,23,1050,609,COMPLETE
1,0.15512862242503983,2026-04-09 11:23:00.645305,2026-04-09 11:23:50.962229,0 days 00:00:50.316924,6,11,13,1326,518,COMPLETE
2,0.05644858738674361,2026-04-09 11:23:50.966396,2026-04-09 11:24:38.452143,0 days 00:00:47.485747,0,15,27,1631,12,COMPLETE
3,0.1577096235020034,2026-04-09 11:24:38.453277,2026-04-09 11:25:22.671889,0 days 00:00:44.218612,3,7,9,1273,63,COMPLETE
4,0.1164432425997423,2026-04-09 11:25:22.673510,2026-04-09 11:26:02.270010,0 days 00:00:39.596500,10,21,19,1022,14,COMPLETE
5,0.14417097170558624,2026-04-09 11:26:02.270880,2026-04-09 11:27:05.221442,0 days 00:01:02.950562,10,17,29,1524,1345,COMPLETE
6,0.08529840839710613,2026-04-09 11:27:05.222806,2026-04-09 11:27:54.592423,0 days 00:00:49.369617,0,15,21,1320,516,COMPLETE
7,0.13209987073519017,2026-04-09 11:27:54.593465,2026-04-09 11:28:45.262396,0 days 00:00:50.668931,7,13,15,449,1304,COMPLETE
8,0.1403570684975731,2026-04-09 11:28:45.263556,2026-04-09 11:29:58.355175,0 days 00:01:13.091619,2,13,5,1908,1881,COMPLETE
9,0.14139331235970873,2026-04-09 11:29:58.356370,2026-04-09 11:30:42.174280,0 days 00:00:43.817910,9,9,19,588,719,COMPLETE
10,0.09716849851695565,2026-04-09 11:30:42.175568,2026-04-09 11:31:35.792295,0 days 00:00:53.616727,3,7,9,36,1940,COMPLETE
11,0.1575562656143384,2026-04-09 11:31:35.794510,2026-04-09 11:32:22.057353,0 days 00:00:46.262843,6,11,13,1254,328,COMPLETE
12,0.15025870158720644,2026-04-09 11:32:22.058275,2026-04-09 11:33:01.052524,0 days 00:00:38.994249,7,7,13,747,256,COMPLETE
13,0.04433361669098661,2026-04-09 11:33:01.054689,2026-04-09 11:33:45.772136,0 days 00:00:44.717447,5,11,3,1320,952,COMPLETE
14,0.15845277796142615,2026-04-09 11:33:45.774806,2026-04-09 11:34:37.812030,0 days 00:00:52.037224,2,5,9,1744,204,COMPLETE
15,0.1577117023089386,2026-04-09 11:34:37.812969,2026-04-09 11:35:33.489842,0 days 00:00:55.676873,2,5,9,1972,237,COMPLETE
16,0.13538134821499123,2026-04-09 11:35:33.491424,2026-04-09 11:36:36.686205,0 days 00:01:03.194781,1,5,31,1993,843,COMPLETE
17,0.1521032921044922,2026-04-09 11:36:36.687297,2026-04-09 11:37:29.034021,0 days 00:00:52.346724,2,5,25,1735,298,COMPLETE
18,0.1408724996410952,2026-04-09 11:37:29.035370,2026-04-09 11:38:33.692342,0 days 00:01:04.656972,2,5,17,1788,1208,COMPLETE
19,0.13167324200309782,2026-04-09 11:38:33.695835,2026-04-09 11:39:38.022352,0 days 00:01:04.326517,4,19,7,1531,1590,COMPLETE
20,0.1537633128768721,2026-04-09 11:39:38.032606,2026-04-09 11:40:32.277075,0 days 00:00:54.244469,1,3,9,1866,251,COMPLETE
21,0.1592713747166981,2026-04-09 11:40:32.277880,2026-04-09 11:41:21.389667,0 days 00:00:49.111787,3,5,9,1619,124,COMPLETE
22,0.15853102824980334,2026-04-09 11:41:21.390986,2026-04-09 11:42:13.827145,0 days 00:00:52.436159,3,5,11,1613,399,COMPLETE
23,0.1581077914100693,2026-04-09 11:42:13.829663,2026-04-09 11:43:06.448203,0 days 00:00:52.618540,4,5,11,1581,444,COMPLETE
24,0.15419760098258964,2026-04-09 11:43:06.449054,2026-04-09 11:44:02.666059,0 days 00:00:56.217005,3,5,11,1660,722,COMPLETE
25,0.15661171701287283,2026-04-09 11:44:02.666944,2026-04-09 11:44:48.319509,0 days 00:00:45.652565,1,5,9,1452,118,COMPLETE
26,0.1574447596500599,2026-04-09 11:44:48.320639,2026-04-09 11:45:43.295337,0 days 00:00:54.974698,3,3,11,1760,399,COMPLETE
27,0.05122912439944717,2026-04-09 11:45:43.297682,2026-04-09 11:46:21.848655,0 days 00:00:38.550973,5,21,3,902,185,COMPLETE
28,0.1464046482158813,2026-04-09 11:46:21.849964,2026-04-09 11:47:11.976798,0 days 00:00:50.126834,5,9,29,1130,679,COMPLETE
29,0.15041540036371584,2026-04-09 11:47:11.977559,2026-04-09 11:48:02.227295,0 days 00:00:50.249736,4,19,23,1434,556,COMPLETE
30,0.13281437426587217,2026-04-09 11:48:02.228689,2026-04-09 11:48:52.856277,0 days 00:00:50.627588,1,17,7,1112,854,COMPLETE
31,0.15864464328482628,2026-04-09 11:48:52.857456,2026-04-09 11:49:44.715642,0 days 00:00:51.858186,4,5,11,1633,400,COMPLETE
32,0.15893519989652496,2026-04-09 11:49:44.726618,2026-04-09 11:50:38.128592,0 days 00:00:53.401974,4,5,11,1703,387,COMPLETE
33,0.1510771782208685,2026-04-09 11:50:38.129429,2026-04-09 11:51:29.141307,0 days 00:00:51.011878,6,5,11,1454,394,COMPLETE
34,0.15266954448883158,2026-04-09 11:51:29.143155,2026-04-09 11:52:24.623504,0 days 00:00:55.480349,5,5,11,1650,615,COMPLETE
35,0.160410788389589,2026-04-09 11:52:24.633880,2026-04-09 11:53:07.580167,0 days 00:00:42.946287,4,5,11,1195,126,COMPLETE
36,0.15963513505177515,2026-04-09 11:53:07.582989,2026-04-09 11:53:49.884977,0 days 00:00:42.301988,4,15,11,1202,116,COMPLETE
37,0.15405939508564148,2026-04-09 11:53:49.886193,2026-04-09 11:54:27.732336,0 days 00:00:37.846143,6,15,27,915,21,COMPLETE
38,0.15683386919748424,2026-04-09 11:54:27.734327,2026-04-09 11:55:10.500198,0 days 00:00:42.765871,3,15,21,1185,108,COMPLETE
39,0.06097313764013797,2026-04-09 11:55:10.501422,2026-04-09 11:55:49.248381,0 days 00:00:38.746959,5,15,15,983,6,COMPLETE
40,0.0602841263461556,2026-04-09 11:55:49.249327,2026-04-09 11:56:25.526189,0 days 00:00:36.276862,7,13,5,756,130,COMPLETE
41,0.15597380990581958,2026-04-09 11:56:25.527594,2026-04-09 11:57:17.279963,0 days 00:00:51.752369,4,21,11,1413,531,COMPLETE
42,0.1603177517070286,2026-04-09 11:57:17.281220,2026-04-09 11:58:00.698784,0 days 00:00:43.417564,4,17,11,1245,140,COMPLETE
43,0.15938821896840474,2026-04-09 11:58:00.699664,2026-04-09 11:58:43.604083,0 days 00:00:42.904419,3,17,11,1217,130,COMPLETE
44,0.15328756470566904,2026-04-09 11:58:43.605234,2026-04-09 11:59:26.245846,0 days 00:00:42.640612,3,17,31,1223,125,COMPLETE
45,0.1572120705940061,2026-04-09 11:59:26.247265,2026-04-09 12:00:05.269645,0 days 00:00:39.022380,3,17,19,1041,70,COMPLETE
46,0.15848867493024146,2026-04-09 12:00:05.271433,2026-04-09 12:00:53.313412,0 days 00:00:48.041979,6,17,17,1311,196,COMPLETE
47,0.15348599209099334,2026-04-09 12:00:53.314429,2026-04-09 12:01:37.002738,0 days 00:00:43.688309,5,17,25,1117,293,COMPLETE
48,0.1540578127529094,2026-04-09 12:01:37.009691,2026-04-09 12:02:16.784914,0 days 00:00:39.775223,9,17,23,833,161,COMPLETE
49,0.056565662977822596,2026-04-09 12:02:16.786332,2026-04-09 12:02:49.741938,0 days 00:00:32.955606,2,15,27,560,4,COMPLETE
50,0.12596026441603528,2026-04-09 12:02:49.743117,2026-04-09 12:03:33.729016,0 days 00:00:43.985899,4,9,11,190,1091,COMPLETE
51,0.15808741034432208,2026-04-09 12:03:33.737133,2026-04-09 12:04:30.325170,0 days 00:00:56.588037,4,11,11,1378,338,COMPLETE
52,0.1593340680553156,2026-04-09 12:04:30.343943,2026-04-09 12:05:10.473475,0 days 00:00:40.129532,3,7,11,1252,80,COMPLETE
53,0.15848489894966067,2026-04-09 12:05:10.475287,2026-04-09 12:05:54.106751,0 days 00:00:43.631464,3,7,11,1203,231,COMPLETE
54,0.13704614961267328,2026-04-09 12:05:54.109213,2026-04-09 12:06:49.932795,0 days 00:00:55.823582,2,7,13,1263,1643,COMPLETE
55,0.15421342190130008,2026-04-09 12:06:49.934050,2026-04-09 12:07:29.486679,0 days 00:00:39.552629,3,7,29,1356,84,COMPLETE
56,0.1509268477235603,2026-04-09 12:07:29.488084,2026-04-09 12:08:10.687945,0 days 00:00:41.199861,2,13,21,1535,298,COMPLETE
57,0.15330454719853945,2026-04-09 12:08:10.690530,2026-04-09 12:08:49.435367,0 days 00:00:38.744837,5,17,15,1005,474,COMPLETE
58,0.10984993964860236,2026-04-09 12:08:49.436451,2026-04-09 12:09:41.641407,0 days 00:00:52.204956,0,7,9,1172,180,COMPLETE
59,0.1471619091176719,2026-04-09 12:09:41.723830,2026-04-09 12:10:31.406883,0 days 00:00:49.683053,3,3,5,1286,68,COMPLETE
60,0.15636740718538147,2026-04-09 12:10:31.409189,2026-04-09 12:11:19.860937,0 days 00:00:48.451748,4,19,11,941,253,COMPLETE
61,0.1592334214222012,2026-04-09 12:11:19.864480,2026-04-09 12:12:09.816517,0 days 00:00:49.952037,4,5,11,1517,345,COMPLETE
62,0.16017285879647042,2026-04-09 12:12:09.818191,2026-04-09 12:12:52.998772,0 days 00:00:43.180581,4,15,11,1502,161,COMPLETE
63,0.15855738934480404,2026-04-09 12:12:53.000372,2026-04-09 12:13:30.711583,0 days 00:00:37.711211,3,15,11,1100,162,COMPLETE
64,0.04399686266117445,2026-04-09 12:13:30.712675,2026-04-09 12:14:10.551041,0 days 00:00:39.838366,5,15,3,1342,72,COMPLETE
65,0.15656271331717794,2026-04-09 12:14:10.552434,2026-04-09 12:14:50.501635,0 days 00:00:39.949201,2,15,11,1262,233,COMPLETE
66,0.06484425542001566,2026-04-09 12:14:50.503092,2026-04-09 12:16:00.442330,0 days 00:01:09.939238,4,11,19,1840,14,COMPLETE
67,0.15903455116114024,2026-04-09 12:16:00.490204,2026-04-09 12:16:47.996433,0 days 00:00:47.506229,3,21,9,1050,145,COMPLETE
68,0.14659622299179473,2026-04-09 12:16:47.997712,2026-04-09 12:17:47.223342,0 days 00:00:59.225630,4,17,7,1489,468,COMPLETE
69,0.1507589256338138,2026-04-09 12:17:47.225871,2026-04-09 12:18:37.032670,0 days 00:00:49.806799,3,15,31,1411,285,COMPLETE
70,0.139293208176376,2026-04-09 12:18:37.034269,2026-04-09 12:19:53.010458,0 days 00:01:15.976189,5,9,11,1565,1533,COMPLETE
71,0.1591059209508386,2026-04-09 12:19:53.015901,2026-04-09 12:20:47.435312,0 days 00:00:54.419411,4,5,11,1506,353,COMPLETE
72,0.15991968144401292,2026-04-09 12:20:47.436707,2026-04-09 12:21:36.318587,0 days 00:00:48.881880,4,5,11,1167,202,COMPLETE
73,0.15976536023875829,2026-04-09 12:21:36.323421,2026-04-09 12:22:16.176817,0 days 00:00:39.853396,4,5,11,1162,209,COMPLETE
74,0.1597136245084277,2026-04-09 12:22:16.179078,2026-04-09 12:22:57.666115,0 days 00:00:41.487037,4,7,11,1158,177,COMPLETE
75,0.15382367903728367,2026-04-09 12:22:57.667711,2026-04-09 12:23:45.716603,0 days 00:00:48.048892,6,5,11,1146,196,COMPLETE
76,0.15870651385724208,2026-04-09 12:23:45.718549,2026-04-09 12:24:35.902537,0 days 00:00:50.183988,4,3,11,1107,254,COMPLETE
77,0.14937958498135426,2026-04-09 12:24:35.903767,2026-04-09 12:25:21.404910,0 days 00:00:45.501143,5,19,25,831,211,COMPLETE
78,0.15860895560245808,2026-04-09 12:25:21.406333,2026-04-09 12:26:03.246065,0 days 00:00:41.839732,4,17,17,1059,53,COMPLETE
79,0.15286650828018575,2026-04-09 12:26:03.247788,2026-04-09 12:26:49.235813,0 days 00:00:45.988025,5,5,11,1212,582,COMPLETE
80,0.15497680299542305,2026-04-09 12:26:49.237209,2026-04-09 12:27:34.899472,0 days 00:00:45.662263,5,15,11,1333,437,COMPLETE
81,0.16048760711162538,2026-04-09 12:27:34.900789,2026-04-09 12:28:17.311618,0 days 00:00:42.410829,4,7,11,1252,121,COMPLETE
82,0.16023776718831423,2026-04-09 12:28:17.314744,2026-04-09 12:28:58.965466,0 days 00:00:41.650722,4,7,11,1160,141,COMPLETE
83,0.15731500318428251,2026-04-09 12:28:58.967884,2026-04-09 12:29:39.873084,0 days 00:00:40.905200,4,7,11,964,283,COMPLETE
84,0.16093024854063992,2026-04-09 12:29:39.874414,2026-04-09 12:30:21.839505,0 days 00:00:41.965091,4,7,13,1175,148,COMPLETE
85,0.1600763783347602,2026-04-09 12:30:21.842568,2026-04-09 12:31:02.921067,0 days 00:00:41.078499,4,7,13,1068,164,COMPLETE
86,0.15702514523994893,2026-04-09 12:31:02.922038,2026-04-09 12:31:42.905036,0 days 00:00:39.982998,4,7,13,1095,42,COMPLETE
87,0.15437723831437825,2026-04-09 12:31:42.905925,2026-04-09 12:32:23.122174,0 days 00:00:40.216249,5,7,13,857,345,COMPLETE
88,0.16075439411725778,2026-04-09 12:32:23.123085,2026-04-09 12:33:02.600649,0 days 00:00:39.477564,4,5,13,1005,104,COMPLETE
89,0.16047400088247157,2026-04-09 12:33:02.601747,2026-04-09 12:33:41.530497,0 days 00:00:38.928750,4,7,13,1032,117,COMPLETE
90,0.15906422464806216,2026-04-09 12:33:41.533986,2026-04-09 12:34:19.822179,0 days 00:00:38.288193,5,7,13,988,118,COMPLETE
91,0.16093826415150847,2026-04-09 12:34:19.824043,2026-04-09 12:34:58.968709,0 days 00:00:39.144666,4,7,13,1046,90,COMPLETE
92,0.16079271850511392,2026-04-09 12:34:58.993755,2026-04-09 12:35:39.527986,0 days 00:00:40.534231,4,7,13,1065,97,COMPLETE
93,0.15963907923601586,2026-04-09 12:35:39.529201,2026-04-09 12:36:16.046557,0 days 00:00:36.517356,4,7,13,891,82,COMPLETE
94,0.1530293623325598,2026-04-09 12:36:16.048482,2026-04-09 12:36:53.878713,0 days 00:00:37.830231,5,7,13,1030,32,COMPLETE
95,0.1541103090690787,2026-04-09 12:36:53.879710,2026-04-09 12:37:27.847700,0 days 00:00:33.967990,3,7,13,694,112,COMPLETE
96,0.1594355531043484,2026-04-09 12:37:27.849424,2026-04-09 12:38:05.734639,0 days 00:00:37.885215,4,7,13,1010,52,COMPLETE
97,0.15726250333713562,2026-04-09 12:38:05.743022,2026-04-09 12:38:43.641748,0 days 00:00:37.898726,3,7,13,935,151,COMPLETE
98,0.010534686571923293,2026-04-09 12:38:43.642708,2026-04-09 12:39:21.752596,0 days 00:00:38.109888,4,7,13,1068,3,COMPLETE
99,0.15024353927016984,2026-04-09 12:39:21.753595,2026-04-09 12:39:59.183537,0 days 00:00:37.429942,5,13,23,787,265,COMPLETE
